[      23ms] [INFO] Loading the script 'https://pagead2.googlesyndication.com/pagead/js/adsbygoogle.js?client=ca-pub-7803867089582138' violates the following Content Security Policy directive: "script-src 'self' 'unsafe-inline' https://www.googletagmanager.com https://www.google-analytics.com". Note that 'script-src-elem' was not explicitly set, so 'script-src' is used as a fallback. The policy is report-only, so the violation has been logged but no further action has been taken. @ http://localhost:4321/en/:0
[      47ms] [INFO] Loading the script 'https://pagead2.googlesyndication.com/pagead/managed/js/adsense/m202604170101/show_ads_impl_fy2021.js?bust=31097971' violates the following Content Security Policy directive: "script-src 'self' 'unsafe-inline' https://www.googletagmanager.com https://www.google-analytics.com". Note that 'script-src-elem' was not explicitly set, so 'script-src' is used as a fallback. The policy is report-only, so the violation has been logged but no further action has been taken. @ https://pagead2.googlesyndication.com/pagead/js/adsbygoogle.js?client=ca-pub-7803867089582138:41
[      69ms] [ERROR] Framing 'https://googleads.g.doubleclick.net/' violates the following report-only Content Security Policy directive: "default-src 'self'". The violation has been logged, but no further action has been taken. Note that 'frame-src' was not explicitly set, so 'default-src' is used as a fallback.
 @ https://pagead2.googlesyndication.com/:0
[      69ms] [ERROR] Framing 'https://googleads.g.doubleclick.net/' violates the following report-only Content Security Policy directive: "default-src 'self'". The violation has been logged, but no further action has been taken. Note that 'frame-src' was not explicitly set, so 'default-src' is used as a fallback.
 @ https://pagead2.googlesyndication.com/:0
[      69ms] [ERROR] Framing 'https://googleads.g.doubleclick.net/' violates the following report-only Content Security Policy directive: "default-src 'self'". The violation has been logged, but no further action has been taken. Note that 'frame-src' was not explicitly set, so 'default-src' is used as a fallback.
 @ https://pagead2.googlesyndication.com/:0
[      95ms] [ERROR] Failed to load resource: the server responded with a status of 403 (Forbidden) @ http://localhost:4321/__cdn/cms/blog/OPVnzfkz8re8RBUBaQYWr.jpg:0
[      97ms] [ERROR] Failed to load resource: the server responded with a status of 403 (Forbidden) @ http://localhost:4321/__cdn/cms/blog/k9ZSHUMpl3YoknIUwhYni.jpg:0
[     159ms] [ERROR] Failed to load resource: the server responded with a status of 403 (Forbidden) @ http://localhost:4321/__cdn/cms/blog/OPVnzfkz8re8RBUBaQYWr.jpg:0
[     171ms] [ERROR] Framing 'https://googleads.g.doubleclick.net/' violates the following report-only Content Security Policy directive: "default-src 'self'". The violation has been logged, but no further action has been taken. Note that 'frame-src' was not explicitly set, so 'default-src' is used as a fallback.
 @ https://pagead2.googlesyndication.com/:0
[     175ms] [INFO] Connecting to 'https://ep1.adtrafficquality.google/getconfig/sodar?sv=200&tid=gda&tv=r20260420&st=env&sjk=5323435480568982' violates the following Content Security Policy directive: "connect-src 'self' https://www.google-analytics.com https://*.google-analytics.com". The policy is report-only, so the violation has been logged but no further action has been taken. @ https://pagead2.googlesyndication.com/pagead/managed/js/adsense/m202604170101/show_ads_impl_fy2021.js?bust=31097971:99
[     208ms] [ERROR] Failed to load resource: the server responded with a status of 403 (Forbidden) @ http://localhost:4321/__cdn/cms/blog/k9ZSHUMpl3YoknIUwhYni.jpg:0
[     293ms] [INFO] Loading the script 'https://ep2.adtrafficquality.google/sodar/sodar2.js' violates the following Content Security Policy directive: "script-src 'self' 'unsafe-inline' https://www.googletagmanager.com https://www.google-analytics.com". Note that 'script-src-elem' was not explicitly set, so 'script-src' is used as a fallback. The policy is report-only, so the violation has been logged but no further action has been taken. @ https://pagead2.googlesyndication.com/pagead/managed/js/adsense/m202604170101/show_ads_impl_fy2021.js?bust=31097971:98
[     295ms] [ERROR] Framing 'https://ep2.adtrafficquality.google/' violates the following report-only Content Security Policy directive: "default-src 'self'". The violation has been logged, but no further action has been taken. Note that 'frame-src' was not explicitly set, so 'default-src' is used as a fallback.
 @ https://ep2.adtrafficquality.google/:0
[     296ms] [ERROR] Framing 'https://www.google.com/' violates the following report-only Content Security Policy directive: "default-src 'self'". The violation has been logged, but no further action has been taken. Note that 'frame-src' was not explicitly set, so 'default-src' is used as a fallback.
 @ https://ep2.adtrafficquality.google/:0
[     296ms] [ERROR] Framing 'https://ep2.adtrafficquality.google/' violates the following report-only Content Security Policy directive: "default-src 'self'". The violation has been logged, but no further action has been taken. Note that 'frame-src' was not explicitly set, so 'default-src' is used as a fallback.
 @ https://ep2.adtrafficquality.google/:0
[     296ms] [ERROR] Framing 'https://www.google.com/' violates the following report-only Content Security Policy directive: "default-src 'self'". The violation has been logged, but no further action has been taken. Note that 'frame-src' was not explicitly set, so 'default-src' is used as a fallback.
 @ https://ep2.adtrafficquality.google/:0
[     349ms] [ERROR] Failed to load resource: the server responded with a status of 403 (Forbidden) @ http://localhost:4321/__cdn/cms/blog/FDsdPaaUD02ayeXr4qMvj.png:0
[     392ms] [ERROR] Failed to load resource: the server responded with a status of 403 (Forbidden) @ http://localhost:4321/__cdn/cms/blog/FDsdPaaUD02ayeXr4qMvj.png:0
[     853ms] [INFO] Loading the image 'https://ep1.adtrafficquality.google/pagead/sodar?id=sodar2&v=254&t=2&li=gda_r20260420&jk=5323435480568982&bg=!IiGlIUPNAAY2C5OeFgs7AEcBe5WfOIXOe0y7cvFXDJFk9XcB5LN7igFhkCXl1n9eFzQAL8Xfs68ChZI3j1E_48_wj9e_bQ_ko3-9yRe-HW5w73CyOSfCEQIAAAAmUgAAAAJoAQd-ADf3FpxQQuv9os1h8IoHnSeOfuOnIRESX-n1rPstfDOtoSRidQh5VS-DtT_Q0PMmfENjczyLIULgCgCZyC4BsN7NJaLsP4DI3qWqJiWFViP0TbvlQz3aNsOZXBiqA64kdAUW2C37-eahgRoBmGbawuJiZCTKZp9BvnE627XJphN5YE8x5-TK1meb2RgRm3yBQz0O6J2XbI5S43JzDMAuSYmNRt3UYBpBdC5qVS8WRpnq3hPiT_0HqBCyxme-8lunGjUQLImFh...QORVPyRTRDrz0_iIwONxB3OgDVicntJww2hSopaTevHyOB7zh62BkZxvxE4Bj16yFoF_wYgC9KibfiPwq0GfJK2NQbkUWbjBcIPDz6bl6ZxHBgmOB3oBGzVuvbbpbpuFPuolZmAcTZ_eAFKzj5eqcYOPeETVXFbr5zNg0LMhki_Sd8fUGdCgYP12E03oi23BnNnufH6nGtD6RxcjgJyPlm5uQ7BZl4g7Y95zcMELsAbjbRWseKiM8rJPE-vD3BeO-lFx8zbQqLMox_E1fBHoU31Vij4I4VBCQnVtgXcPTqpbvwr6NTABtZyJcezlNeT3AT8vEEs4JPAnPJ-LkAf5KeJPYm4YcZixqluSVbfQQ5M9GtIy64VY5kCkhbcrqckTilFIppcYJOxku3K3-1HOfoZ3a1rfrI8euqOnrjQefdzYYm5NzrjAcAYVO07MZBXPPZ6Nhoa28okD7H5-RcBohWep9AbYA3bTvyCsNENnYlMihZQHWX1NDmMXTYfHM4' violates the following Content Security Policy directive: "img-src 'self' data: blob: https://*.googleusercontent.com https://imagetourl.cloud". The policy is report-only, so the violation has been logged but no further action has been taken. @ http://localhost:4321/en/:0
[    1162ms] [ERROR] Failed to load resource: the server responded with a status of 403 (Forbidden) @ http://localhost:4321/__cdn/cms/blog/OPVnzfkz8re8RBUBaQYWr.jpg:0
[    1205ms] [ERROR] Failed to load resource: the server responded with a status of 403 (Forbidden) @ http://localhost:4321/__cdn/cms/blog/k9ZSHUMpl3YoknIUwhYni.jpg:0
[    1249ms] [ERROR] Failed to load resource: the server responded with a status of 403 (Forbidden) @ http://localhost:4321/__cdn/cms/blog/FDsdPaaUD02ayeXr4qMvj.png:0
[   10744ms] [ERROR] Failed to load resource: the server responded with a status of 403 (Forbidden) @ http://localhost:4321/__cdn/cms/blog/OPVnzfkz8re8RBUBaQYWr.jpg:0
[   10788ms] [ERROR] Failed to load resource: the server responded with a status of 403 (Forbidden) @ http://localhost:4321/__cdn/cms/blog/k9ZSHUMpl3YoknIUwhYni.jpg:0
[   10831ms] [ERROR] Failed to load resource: the server responded with a status of 403 (Forbidden) @ http://localhost:4321/__cdn/cms/blog/FDsdPaaUD02ayeXr4qMvj.png:0
[   12742ms] [ERROR] Failed to load resource: the server responded with a status of 403 (Forbidden) @ http://localhost:4321/__cdn/cms/blog/OPVnzfkz8re8RBUBaQYWr.jpg:0
[   12788ms] [ERROR] Failed to load resource: the server responded with a status of 403 (Forbidden) @ http://localhost:4321/__cdn/cms/blog/k9ZSHUMpl3YoknIUwhYni.jpg:0
[   12831ms] [ERROR] Failed to load resource: the server responded with a status of 403 (Forbidden) @ http://localhost:4321/__cdn/cms/blog/FDsdPaaUD02ayeXr4qMvj.png:0
