[     501ms] [ERROR] Failed to load resource: the server responded with a status of 403 (Forbidden) @ http://localhost:4321/__cdn/cms/blog/GASlITveYTTDSIpDsfuNt.jpg:0
[     503ms] [ERROR] Failed to load resource: the server responded with a status of 403 (Forbidden) @ http://localhost:4321/__cdn/cms/blog/SavudBYCpqKDEzLajuFs7.png:0
[     503ms] [ERROR] Failed to load resource: the server responded with a status of 403 (Forbidden) @ http://localhost:4321/__cdn/cms/blog/Jz7HOe828zaTTkA1N1Pfo.png:0
[     506ms] [ERROR] Failed to load resource: the server responded with a status of 403 (Forbidden) @ http://localhost:4321/__cdn/cms/blog/utACvlGBZgCq6ulzzc7t4.png:0
[     543ms] [ERROR] Failed to load resource: the server responded with a status of 403 (Forbidden) @ http://localhost:4321/__cdn/cms/blog/GASlITveYTTDSIpDsfuNt.jpg:0
[     584ms] [ERROR] Failed to load resource: the server responded with a status of 403 (Forbidden) @ http://localhost:4321/__cdn/cms/blog/SavudBYCpqKDEzLajuFs7.png:0
[     626ms] [ERROR] Failed to load resource: the server responded with a status of 403 (Forbidden) @ http://localhost:4321/__cdn/cms/blog/Jz7HOe828zaTTkA1N1Pfo.png:0
[     669ms] [ERROR] Failed to load resource: the server responded with a status of 403 (Forbidden) @ http://localhost:4321/__cdn/cms/blog/utACvlGBZgCq6ulzzc7t4.png:0
[   48326ms] [ERROR] Failed to load resource: the server responded with a status of 403 (Forbidden) @ http://localhost:4321/__cdn/cms/blog/GASlITveYTTDSIpDsfuNt.jpg:0
[   48326ms] [ERROR] Failed to load resource: the server responded with a status of 403 (Forbidden) @ http://localhost:4321/__cdn/cms/blog/SavudBYCpqKDEzLajuFs7.png:0
[   48326ms] [ERROR] Failed to load resource: the server responded with a status of 403 (Forbidden) @ http://localhost:4321/__cdn/cms/blog/Jz7HOe828zaTTkA1N1Pfo.png:0
[   48331ms] [ERROR] Failed to load resource: the server responded with a status of 403 (Forbidden) @ http://localhost:4321/__cdn/cms/blog/utACvlGBZgCq6ulzzc7t4.png:0
[   48395ms] [ERROR] Failed to load resource: the server responded with a status of 403 (Forbidden) @ http://localhost:4321/__cdn/cms/blog/GASlITveYTTDSIpDsfuNt.jpg:0
[   48436ms] [ERROR] Failed to load resource: the server responded with a status of 403 (Forbidden) @ http://localhost:4321/__cdn/cms/blog/SavudBYCpqKDEzLajuFs7.png:0
[   48475ms] [ERROR] Failed to load resource: the server responded with a status of 403 (Forbidden) @ http://localhost:4321/__cdn/cms/blog/Jz7HOe828zaTTkA1N1Pfo.png:0
[   48514ms] [ERROR] Failed to load resource: the server responded with a status of 403 (Forbidden) @ http://localhost:4321/__cdn/cms/blog/utACvlGBZgCq6ulzzc7t4.png:0
[   56528ms] [ERROR] Failed to load resource: the server responded with a status of 403 (Forbidden) @ http://localhost:4321/__cdn/cms/blog/SavudBYCpqKDEzLajuFs7.png:0
[   56531ms] [ERROR] Failed to load resource: the server responded with a status of 403 (Forbidden) @ http://localhost:4321/__cdn/cms/blog/GASlITveYTTDSIpDsfuNt.jpg:0
[   56535ms] [ERROR] Failed to load resource: the server responded with a status of 403 (Forbidden) @ http://localhost:4321/__cdn/cms/blog/Jz7HOe828zaTTkA1N1Pfo.png:0
[   56536ms] [ERROR] Failed to load resource: the server responded with a status of 403 (Forbidden) @ http://localhost:4321/__cdn/cms/blog/utACvlGBZgCq6ulzzc7t4.png:0
[   56599ms] [ERROR] Failed to load resource: the server responded with a status of 403 (Forbidden) @ http://localhost:4321/__cdn/cms/blog/GASlITveYTTDSIpDsfuNt.jpg:0
[   56637ms] [ERROR] Failed to load resource: the server responded with a status of 403 (Forbidden) @ http://localhost:4321/__cdn/cms/blog/SavudBYCpqKDEzLajuFs7.png:0
[   56680ms] [ERROR] Failed to load resource: the server responded with a status of 403 (Forbidden) @ http://localhost:4321/__cdn/cms/blog/Jz7HOe828zaTTkA1N1Pfo.png:0
[   56976ms] [ERROR] Failed to load resource: the server responded with a status of 403 (Forbidden) @ http://localhost:4321/__cdn/cms/blog/utACvlGBZgCq6ulzzc7t4.png:0
[   64943ms] [ERROR] Failed to load resource: the server responded with a status of 403 (Forbidden) @ http://localhost:4321/__cdn/cms/blog/SavudBYCpqKDEzLajuFs7.png:0
[   64943ms] [ERROR] Failed to load resource: the server responded with a status of 403 (Forbidden) @ http://localhost:4321/__cdn/cms/blog/Jz7HOe828zaTTkA1N1Pfo.png:0
[   64947ms] [ERROR] Failed to load resource: the server responded with a status of 403 (Forbidden) @ http://localhost:4321/__cdn/cms/blog/GASlITveYTTDSIpDsfuNt.jpg:0
[   64947ms] [ERROR] Failed to load resource: the server responded with a status of 403 (Forbidden) @ http://localhost:4321/__cdn/cms/blog/utACvlGBZgCq6ulzzc7t4.png:0
[   65013ms] [ERROR] Failed to load resource: the server responded with a status of 403 (Forbidden) @ http://localhost:4321/__cdn/cms/blog/GASlITveYTTDSIpDsfuNt.jpg:0
[   65053ms] [ERROR] Failed to load resource: the server responded with a status of 403 (Forbidden) @ http://localhost:4321/__cdn/cms/blog/SavudBYCpqKDEzLajuFs7.png:0
[   65092ms] [ERROR] Failed to load resource: the server responded with a status of 403 (Forbidden) @ http://localhost:4321/__cdn/cms/blog/Jz7HOe828zaTTkA1N1Pfo.png:0
[   65131ms] [ERROR] Failed to load resource: the server responded with a status of 403 (Forbidden) @ http://localhost:4321/__cdn/cms/blog/utACvlGBZgCq6ulzzc7t4.png:0
[   77374ms] [ERROR] Failed to load resource: the server responded with a status of 403 (Forbidden) @ http://localhost:4321/__cdn/cms/blog/GASlITveYTTDSIpDsfuNt.jpg:0
[   77388ms] [ERROR] Failed to load resource: the server responded with a status of 403 (Forbidden) @ http://localhost:4321/__cdn/cms/blog/SavudBYCpqKDEzLajuFs7.png:0
[   77388ms] [ERROR] Failed to load resource: the server responded with a status of 403 (Forbidden) @ http://localhost:4321/__cdn/cms/blog/utACvlGBZgCq6ulzzc7t4.png:0
[   77388ms] [ERROR] Failed to load resource: the server responded with a status of 403 (Forbidden) @ http://localhost:4321/__cdn/cms/blog/Jz7HOe828zaTTkA1N1Pfo.png:0
[   77430ms] [ERROR] Failed to load resource: the server responded with a status of 403 (Forbidden) @ http://localhost:4321/__cdn/cms/blog/GASlITveYTTDSIpDsfuNt.jpg:0
[   77473ms] [ERROR] Failed to load resource: the server responded with a status of 403 (Forbidden) @ http://localhost:4321/__cdn/cms/blog/SavudBYCpqKDEzLajuFs7.png:0
[   77765ms] [ERROR] Failed to load resource: the server responded with a status of 403 (Forbidden) @ http://localhost:4321/__cdn/cms/blog/Jz7HOe828zaTTkA1N1Pfo.png:0
[   77808ms] [ERROR] Failed to load resource: the server responded with a status of 403 (Forbidden) @ http://localhost:4321/__cdn/cms/blog/utACvlGBZgCq6ulzzc7t4.png:0
