[    2126ms] [INFO] Loading the script 'https://pagead2.googlesyndication.com/pagead/js/adsbygoogle.js?client=ca-pub-7803867089582138' violates the following Content Security Policy directive: "script-src 'self' 'unsafe-inline' https://www.googletagmanager.com https://www.google-analytics.com". Note that 'script-src-elem' was not explicitly set, so 'script-src' is used as a fallback. The policy is report-only, so the violation has been logged but no further action has been taken. @ http://localhost:4321/en/:0
[    2284ms] [INFO] Loading the script 'https://pagead2.googlesyndication.com/pagead/managed/js/adsense/m202604140101/show_ads_impl_fy2021.js' violates the following Content Security Policy directive: "script-src 'self' 'unsafe-inline' https://www.googletagmanager.com https://www.google-analytics.com". Note that 'script-src-elem' was not explicitly set, so 'script-src' is used as a fallback. The policy is report-only, so the violation has been logged but no further action has been taken. @ https://pagead2.googlesyndication.com/pagead/js/adsbygoogle.js?client=ca-pub-7803867089582138:41
[    2349ms] [ERROR] Failed to load resource: the server responded with a status of 403 (Forbidden) @ http://localhost:4321/__cdn/cms/blog/k9ZSHUMpl3YoknIUwhYni.jpg:0
[    2368ms] [ERROR] Failed to load resource: the server responded with a status of 403 (Forbidden) @ http://localhost:4321/__cdn/cms/blog/FDsdPaaUD02ayeXr4qMvj.png:0
[    2369ms] [ERROR] Framing 'https://googleads.g.doubleclick.net/' violates the following report-only Content Security Policy directive: "default-src 'self'". The violation has been logged, but no further action has been taken. Note that 'frame-src' was not explicitly set, so 'default-src' is used as a fallback.
 @ https://pagead2.googlesyndication.com/:0
[    2370ms] [ERROR] Framing 'https://googleads.g.doubleclick.net/' violates the following report-only Content Security Policy directive: "default-src 'self'". The violation has been logged, but no further action has been taken. Note that 'frame-src' was not explicitly set, so 'default-src' is used as a fallback.
 @ https://pagead2.googlesyndication.com/:0
[    2372ms] [ERROR] Failed to load resource: the server responded with a status of 403 (Forbidden) @ http://localhost:4321/__cdn/cms/blog/Rfa29MHnrKqR2wbqzZH8y.jpg:0
[    2392ms] [ERROR] Failed to load resource: the server responded with a status of 403 (Forbidden) @ http://localhost:4321/__cdn/cms/blog/k9ZSHUMpl3YoknIUwhYni.jpg:0
[    2405ms] [ERROR] Framing 'https://googleads.g.doubleclick.net/' violates the following report-only Content Security Policy directive: "default-src 'self'". The violation has been logged, but no further action has been taken. Note that 'frame-src' was not explicitly set, so 'default-src' is used as a fallback.
 @ https://pagead2.googlesyndication.com/:0
[    2435ms] [ERROR] Failed to load resource: the server responded with a status of 403 (Forbidden) @ http://localhost:4321/__cdn/cms/blog/FDsdPaaUD02ayeXr4qMvj.png:0
[    2475ms] [ERROR] Failed to load resource: the server responded with a status of 403 (Forbidden) @ http://localhost:4321/__cdn/cms/blog/Rfa29MHnrKqR2wbqzZH8y.jpg:0
[    2489ms] [ERROR] Framing 'https://googleads.g.doubleclick.net/' violates the following report-only Content Security Policy directive: "default-src 'self'". The violation has been logged, but no further action has been taken. Note that 'frame-src' was not explicitly set, so 'default-src' is used as a fallback.
 @ https://pagead2.googlesyndication.com/:0
[    2493ms] [INFO] Connecting to 'https://ep1.adtrafficquality.google/getconfig/sodar?sv=200&tid=gda&tv=r20260415&st=env&sjk=5817582979305258' violates the following Content Security Policy directive: "connect-src 'self' https://www.google-analytics.com https://*.google-analytics.com". The policy is report-only, so the violation has been logged but no further action has been taken. @ https://pagead2.googlesyndication.com/pagead/managed/js/adsense/m202604140101/show_ads_impl_fy2021.js:99
[    2634ms] [INFO] Loading the script 'https://ep2.adtrafficquality.google/sodar/sodar2.js' violates the following Content Security Policy directive: "script-src 'self' 'unsafe-inline' https://www.googletagmanager.com https://www.google-analytics.com". Note that 'script-src-elem' was not explicitly set, so 'script-src' is used as a fallback. The policy is report-only, so the violation has been logged but no further action has been taken. @ https://pagead2.googlesyndication.com/pagead/managed/js/adsense/m202604140101/show_ads_impl_fy2021.js:98
[    2773ms] [ERROR] Framing 'https://ep2.adtrafficquality.google/' violates the following report-only Content Security Policy directive: "default-src 'self'". The violation has been logged, but no further action has been taken. Note that 'frame-src' was not explicitly set, so 'default-src' is used as a fallback.
 @ https://ep2.adtrafficquality.google/:0
[    2775ms] [ERROR] Framing 'https://www.google.com/' violates the following report-only Content Security Policy directive: "default-src 'self'". The violation has been logged, but no further action has been taken. Note that 'frame-src' was not explicitly set, so 'default-src' is used as a fallback.
 @ https://ep2.adtrafficquality.google/:0
[    2825ms] [ERROR] Framing 'https://ep2.adtrafficquality.google/' violates the following report-only Content Security Policy directive: "default-src 'self'". The violation has been logged, but no further action has been taken. Note that 'frame-src' was not explicitly set, so 'default-src' is used as a fallback.
 @ https://ep2.adtrafficquality.google/:0
[    2905ms] [ERROR] Framing 'https://www.google.com/' violates the following report-only Content Security Policy directive: "default-src 'self'". The violation has been logged, but no further action has been taken. Note that 'frame-src' was not explicitly set, so 'default-src' is used as a fallback.
 @ https://ep2.adtrafficquality.google/:0
[    3088ms] [ERROR] Failed to load resource: the server responded with a status of 403 (Forbidden) @ http://localhost:4321/__cdn/cms/blog/k9ZSHUMpl3YoknIUwhYni.jpg:0
[    3132ms] [ERROR] Failed to load resource: the server responded with a status of 403 (Forbidden) @ http://localhost:4321/__cdn/cms/blog/FDsdPaaUD02ayeXr4qMvj.png:0
[    3178ms] [ERROR] Failed to load resource: the server responded with a status of 403 (Forbidden) @ http://localhost:4321/__cdn/cms/blog/Rfa29MHnrKqR2wbqzZH8y.jpg:0
[    4257ms] [INFO] Loading the image 'https://ep1.adtrafficquality.google/pagead/sodar?id=sodar2&v=254&t=2&li=gda_r20260415&jk=5817582979305258&bg=!Q0ClQCLNAAY2C5OeFgs7AEcBe5WfOENzLv2uI_M56vY_N3m_oUjazcZNqHVPgxJI3K012barZ_mgfqvk31-2aTaI8-0XIOGxVfxmyeFwYthl0rfiJ5Po1gIAAANOUgAAAAVoAQd-ADebAhZpbocItJ50lE38ie7lrM898uOVAyTxFK766Uf8FkG99suKGCxsYzmtXWg8fe-3Yp7FyHRBmQJ1md0B_LDm7yQLr6XmQsqhZEGXHiIGw-DPR--vd_VcIT4QjM53TrWLyGKGMaMeE_7cJLg5jn22f2DBeYVwjpS6uY6Wukp1f-Qitt95i4LfkGpXmMfH2mEAJbKR8WNErNklz8JPDU42j8suJa0C-5Ubu6UeV_Nep02B1SIwjuIZFxhjVCYg6qyB_Fqo7...Ys85lzETos8io-rch-8FNia_l6Ew3mN7uCZBiMt_5vkzY1z2vsQdKT9qdLZGn0ODJKWGyKVNATkbTnJPORimtLJ9fqfhL0n92g-58nMnnqVPT2W2a-wyFCHhxj3Sk6vz8imU8wVuf6TI7KcSYom1ORUc4oT1M_RrogF06D_xUDDMzbCxbLsNyvZJ-t-ICeTfmfGiF4XhOcFTf0uYFZgZBM9PPwAGe7WHjQiHvz8KBKx09y8A43qR6uY8JToSCOedbXFEmpJ6dk7IsZmuZ_mrxAbewJC-Nv7YvAM1wddsbPfRf5AnXeY6u0e21pvrpuI6pD_fQ9UXCqSyRlfuGi2r4XpZ2WfaV0sA_Le9jrHIeveHSdKCPQKQEqzS2bN4j5hoeCWVz46EG5qb7BhpspTJxOp7o2zjnl1W3fQXZmo7d2qgNOVkfvD48B8pgJHPqpSm_kRdltU3o4azsmOcCjQxUWGrSlWWFHaYj7hvlF4UBmRSnRHH1IE4oOFIhZ2_dQ' violates the following Content Security Policy directive: "img-src 'self' data: blob: https://*.googleusercontent.com https://imagetourl.cloud". The policy is report-only, so the violation has been logged but no further action has been taken. @ http://localhost:4321/en/:0
[    4556ms] [ERROR] Failed to load resource: the server responded with a status of 403 (Forbidden) @ http://localhost:4321/__cdn/cms/blog/k9ZSHUMpl3YoknIUwhYni.jpg:0
[    4601ms] [ERROR] Failed to load resource: the server responded with a status of 403 (Forbidden) @ http://localhost:4321/__cdn/cms/blog/FDsdPaaUD02ayeXr4qMvj.png:0
[    4642ms] [ERROR] Failed to load resource: the server responded with a status of 403 (Forbidden) @ http://localhost:4321/__cdn/cms/blog/Rfa29MHnrKqR2wbqzZH8y.jpg:0
