[    2508ms] [ERROR] Failed to load resource: the server responded with a status of 404 (Not Found) @ http://127.0.0.1:4321/404/:0
[    2531ms] [INFO] Loading the script 'https://pagead2.googlesyndication.com/pagead/js/adsbygoogle.js?client=ca-pub-7803867089582138' violates the following Content Security Policy directive: "script-src 'self' 'unsafe-inline' https://www.googletagmanager.com https://www.google-analytics.com". Note that 'script-src-elem' was not explicitly set, so 'script-src' is used as a fallback. The policy is report-only, so the violation has been logged but no further action has been taken. @ http://127.0.0.1:4321/404/:0
[    2715ms] [INFO] Loading the script 'https://pagead2.googlesyndication.com/pagead/managed/js/adsense/m202604210101/show_ads_impl_fy2021.js?bust=31098020' violates the following Content Security Policy directive: "script-src 'self' 'unsafe-inline' https://www.googletagmanager.com https://www.google-analytics.com". Note that 'script-src-elem' was not explicitly set, so 'script-src' is used as a fallback. The policy is report-only, so the violation has been logged but no further action has been taken. @ https://pagead2.googlesyndication.com/pagead/js/adsbygoogle.js?client=ca-pub-7803867089582138:41
[    2813ms] [ERROR] Framing 'https://googleads.g.doubleclick.net/' violates the following report-only Content Security Policy directive: "default-src 'self'". The violation has been logged, but no further action has been taken. Note that 'frame-src' was not explicitly set, so 'default-src' is used as a fallback.
 @ https://pagead2.googlesyndication.com/:0
[    2814ms] [ERROR] Framing 'https://googleads.g.doubleclick.net/' violates the following report-only Content Security Policy directive: "default-src 'self'". The violation has been logged, but no further action has been taken. Note that 'frame-src' was not explicitly set, so 'default-src' is used as a fallback.
 @ https://pagead2.googlesyndication.com/:0
[    2837ms] [ERROR] Framing 'https://googleads.g.doubleclick.net/' violates the following report-only Content Security Policy directive: "default-src 'self'". The violation has been logged, but no further action has been taken. Note that 'frame-src' was not explicitly set, so 'default-src' is used as a fallback.
 @ https://pagead2.googlesyndication.com/:0
[    2973ms] [ERROR] Framing 'https://googleads.g.doubleclick.net/' violates the following report-only Content Security Policy directive: "default-src 'self'". The violation has been logged, but no further action has been taken. Note that 'frame-src' was not explicitly set, so 'default-src' is used as a fallback.
 @ https://pagead2.googlesyndication.com/:0
[    3064ms] [INFO] Connecting to 'https://ep1.adtrafficquality.google/getconfig/sodar?sv=200&tid=gda&tv=r20260422&st=env&sjk=6136777801378882' violates the following Content Security Policy directive: "connect-src 'self' https://www.google-analytics.com https://*.google-analytics.com". The policy is report-only, so the violation has been logged but no further action has been taken. @ https://pagead2.googlesyndication.com/pagead/managed/js/adsense/m202604210101/show_ads_impl_fy2021.js?bust=31098020:99
[    3210ms] [INFO] Loading the script 'https://ep2.adtrafficquality.google/sodar/sodar2.js' violates the following Content Security Policy directive: "script-src 'self' 'unsafe-inline' https://www.googletagmanager.com https://www.google-analytics.com". Note that 'script-src-elem' was not explicitly set, so 'script-src' is used as a fallback. The policy is report-only, so the violation has been logged but no further action has been taken. @ https://pagead2.googlesyndication.com/pagead/managed/js/adsense/m202604210101/show_ads_impl_fy2021.js?bust=31098020:98
[    3474ms] [ERROR] Framing 'https://ep2.adtrafficquality.google/' violates the following report-only Content Security Policy directive: "default-src 'self'". The violation has been logged, but no further action has been taken. Note that 'frame-src' was not explicitly set, so 'default-src' is used as a fallback.
 @ https://ep2.adtrafficquality.google/:0
[    3477ms] [ERROR] Framing 'https://www.google.com/' violates the following report-only Content Security Policy directive: "default-src 'self'". The violation has been logged, but no further action has been taken. Note that 'frame-src' was not explicitly set, so 'default-src' is used as a fallback.
 @ https://ep2.adtrafficquality.google/:0
[    3528ms] [ERROR] Framing 'https://ep2.adtrafficquality.google/' violates the following report-only Content Security Policy directive: "default-src 'self'". The violation has been logged, but no further action has been taken. Note that 'frame-src' was not explicitly set, so 'default-src' is used as a fallback.
 @ https://ep2.adtrafficquality.google/:0
[    3606ms] [ERROR] Framing 'https://www.google.com/' violates the following report-only Content Security Policy directive: "default-src 'self'". The violation has been logged, but no further action has been taken. Note that 'frame-src' was not explicitly set, so 'default-src' is used as a fallback.
 @ https://ep2.adtrafficquality.google/:0
[    5600ms] [INFO] Loading the image 'https://ep1.adtrafficquality.google/pagead/sodar?id=sodar2&v=254&t=2&li=gda_r20260422&jk=6136777801378882&bg=!PT6lPlzNAAa1ilLUlYo7AEcBe5WfOC_rE4ZG_2AaIlGXQxOFinQdRRyGiUXY9EqVTW0Tr-bhwTmNCMqbtlilIB3dQASAC-4QjYyOxjaoTsowvDT4Iec0oAIAAAXVUgAAAAJoAQd-ADdo8W_qhlTdia-UNq9PPwa7RfoE6jxowzYtrrYndAx9dZy1F_Slge858d3JZ2HorX4UKOkGL9CvmQJy-1w0OTaGFKOOsM-1T0ld4Q7sZw_LhO6Rg2Ka2OsJ6UR13vpOz2GIfPmIMxYIjbvOuVRggz0b2X1rUIWcn4wwfxNHQwM_ZFk1LH2AnaOHWbzbPdB3RB3QXzcRuMiIz-0IJalmll1V_0640_kNgdzbO2VZShQJXh9FAnMUBUNpKcC3dzpiUAVoXBFt9...45oAivBzDHuu5ZHqwqh2LAYNiFEnfNBfQ90qwTlVbsuNeFP8O3Cl6crDE603Ru6tcbQ_2iMQFwI12R80z4Je0yXg5OQv6X2dSsN_NkpyDGXdC2WDZ26_yJj_aI-zlLCzNzp-0s_VcdHbXkveg4q602ds3ywv5JJ2Nzutnkpm2oVQan8XzxbmK3w9d9cQX7p8E8gwvfg_DbtmYIqXzFeBY5xRX7pg3mC0L3ELvpoptkU4N8uXAgZF1RwelmBLwQp1ks7ALumS4FQ87ar_K8pc4QdCYrhCgyOkUHs8VevyAw1p-kApXNSM3r0dtzeMzxMZQxs8lU8ltPzFsYTDJhgeZ6c817RHDGQIGG5IaT8NT2TzcaufR9x2wxEXSOiB8BwJfRRdSE-pKxO87nbO-pZc8TAICi5dJw4m5x1JkFUvWi0GVSnAciTghBoCjjxb5MFJQ9rqupnCZLTTuFvDH0_HCF3xhwtxIHjYKGZ8HBRuptXKWZ5D_JoTrgPkgFbkWM' violates the following Content Security Policy directive: "img-src 'self' data: blob: https://*.googleusercontent.com https://imagetourl.cloud". The policy is report-only, so the violation has been logged but no further action has been taken. @ http://127.0.0.1:4321/404/:0
