[      80ms] [ERROR] Failed to load resource: the server responded with a status of 403 (Forbidden) @ http://localhost:4321/__cdn/cms/blog/z01keTWJpNeHw5fpaaR2c.jpg:0
[      82ms] [ERROR] Failed to load resource: the server responded with a status of 403 (Forbidden) @ http://localhost:4321/__cdn/cms/blog/s4QiwxKR8A0mgDpwzwE7a.jpg:0
[      82ms] [ERROR] Failed to load resource: the server responded with a status of 403 (Forbidden) @ http://localhost:4321/__cdn/cms/blog/CuH8YAWBpat0OtJ1Bzhj8.jpg:0
[     135ms] [ERROR] Failed to load resource: the server responded with a status of 403 (Forbidden) @ http://localhost:4321/__cdn/cms/blog/CuH8YAWBpat0OtJ1Bzhj8.jpg:0
[     175ms] [ERROR] Failed to load resource: the server responded with a status of 403 (Forbidden) @ http://localhost:4321/__cdn/cms/blog/z01keTWJpNeHw5fpaaR2c.jpg:0
[     217ms] [ERROR] Failed to load resource: the server responded with a status of 403 (Forbidden) @ http://localhost:4321/__cdn/cms/blog/s4QiwxKR8A0mgDpwzwE7a.jpg:0
[ 2645147ms] [ERROR] Failed to load resource: the server responded with a status of 403 (Forbidden) @ http://localhost:4321/__cdn/cms/blog/CuH8YAWBpat0OtJ1Bzhj8.jpg:0
[ 2645159ms] [ERROR] Failed to load resource: the server responded with a status of 403 (Forbidden) @ http://localhost:4321/__cdn/cms/blog/z01keTWJpNeHw5fpaaR2c.jpg:0
[ 2645159ms] [ERROR] Failed to load resource: the server responded with a status of 403 (Forbidden) @ http://localhost:4321/__cdn/cms/blog/s4QiwxKR8A0mgDpwzwE7a.jpg:0
[ 2645201ms] [ERROR] Failed to load resource: the server responded with a status of 403 (Forbidden) @ http://localhost:4321/__cdn/cms/blog/CuH8YAWBpat0OtJ1Bzhj8.jpg:0
[ 2645243ms] [ERROR] Failed to load resource: the server responded with a status of 403 (Forbidden) @ http://localhost:4321/__cdn/cms/blog/z01keTWJpNeHw5fpaaR2c.jpg:0
[ 2645285ms] [ERROR] Failed to load resource: the server responded with a status of 403 (Forbidden) @ http://localhost:4321/__cdn/cms/blog/s4QiwxKR8A0mgDpwzwE7a.jpg:0
[ 2649385ms] [ERROR] Failed to load resource: the server responded with a status of 403 (Forbidden) @ http://localhost:4321/__cdn/cms/blog/z01keTWJpNeHw5fpaaR2c.jpg:0
[ 2649391ms] [ERROR] Failed to load resource: the server responded with a status of 403 (Forbidden) @ http://localhost:4321/__cdn/cms/blog/CuH8YAWBpat0OtJ1Bzhj8.jpg:0
[ 2649393ms] [ERROR] Failed to load resource: the server responded with a status of 403 (Forbidden) @ http://localhost:4321/__cdn/cms/blog/s4QiwxKR8A0mgDpwzwE7a.jpg:0
[ 2649461ms] [ERROR] Failed to load resource: the server responded with a status of 403 (Forbidden) @ http://localhost:4321/__cdn/cms/blog/CuH8YAWBpat0OtJ1Bzhj8.jpg:0
[ 2649501ms] [ERROR] Failed to load resource: the server responded with a status of 403 (Forbidden) @ http://localhost:4321/__cdn/cms/blog/z01keTWJpNeHw5fpaaR2c.jpg:0
[ 2649540ms] [ERROR] Failed to load resource: the server responded with a status of 403 (Forbidden) @ http://localhost:4321/__cdn/cms/blog/s4QiwxKR8A0mgDpwzwE7a.jpg:0
[ 2654540ms] [INFO] Connecting to 'https://www.google.com/g/collect?v=2&tid=G-CFY17JKKYK&gtm=45je64d1v9242823411za200zd9242823411&_p=1776249659815&gcd=13l3l3l3l1l1&npa=0&dma=0&_eu=AAAAAAQ&are=1&cid=1843232418.1776149325&frm=0&pscdl=noapi&rcb=16&sr=360x780&uaa=arm&uab=64&uafvl=Google%2520Chrome%3B147.0.7727.56%7CNot.A%252FBrand%3B8.0.0.0%7CChromium%3B147.0.7727.56&uam=&uamb=0&uap=macOS&uapv=26.3.0&uaw=0&ul=en-gb&_s=2&tag_exp=0%7E115938465%7E115938469%7E117266400%7E118289195&sid=1776249655&sct=4&seg=1&dl=http%3A%2F%2Flocalhost%2Fen%2Fblog%2Fwhat-is-an-image-url-a-complete-beginners-guide&dr=http%3A%2F%2Flocalhost%3A4321%2Fen%2Fblog%2Fwhat-is-an-image-url-a-complete-beginners-guide&dt=What+Is+an+Image+URL%3F+A+Complete+Beginner%E2%80%99s+Guide+%E2%80%94+ImageToURL+Blog&en=user_engagement&_et=5163&tfd=5613&gaf=1' violates the following Content Security Policy directive: "connect-src 'self' https://www.google-analytics.com https://*.google-analytics.com". The policy is report-only, so the violation has been logged but no further action has been taken. @ https://www.googletagmanager.com/gtag/js?id=G-CFY17JKKYK:230
[ 2654540ms] [INFO] Connecting to 'https://www.google.com/g/collect?v=2&tid=G-CFY17JKKYK&gtm=45je64d1v9242823411za200zd9242823411&_p=1776249659815&gcd=13l3l3l3l1l1&npa=0&dma=0&_eu=AAAAAAQ&are=1&cid=1843232418.1776149325&frm=0&pscdl=noapi&rcb=16&sr=360x780&uaa=arm&uab=64&uafvl=Google%2520Chrome%3B147.0.7727.56%7CNot.A%252FBrand%3B8.0.0.0%7CChromium%3B147.0.7727.56&uam=&uamb=0&uap=macOS&uapv=26.3.0&uaw=0&ul=en-gb&_s=2&tag_exp=0%7E115938465%7E115938469%7E117266400%7E118289195&sid=1776249655&sct=4&seg=1&dl=http%3A%2F%2Flocalhost%2Fen%2Fblog%2Fwhat-is-an-image-url-a-complete-beginners-guide&dr=http%3A%2F%2Flocalhost%3A4321%2Fen%2Fblog%2Fwhat-is-an-image-url-a-complete-beginners-guide&dt=What+Is+an+Image+URL%3F+A+Complete+Beginner%E2%80%99s+Guide+%E2%80%94+ImageToURL+Blog&en=user_engagement&_et=5163&tfd=5613&gaf=1' violates the following Content Security Policy directive: "connect-src 'self' https://www.google-analytics.com https://*.google-analytics.com". The policy is report-only, so the violation has been logged but no further action has been taken. @ https://www.googletagmanager.com/gtag/js?id=G-CFY17JKKYK:230
[ 2654599ms] [ERROR] Failed to load resource: the server responded with a status of 403 (Forbidden) @ http://localhost:4321/__cdn/cms/blog/z01keTWJpNeHw5fpaaR2c.jpg:0
[ 2654600ms] [ERROR] Failed to load resource: the server responded with a status of 403 (Forbidden) @ http://localhost:4321/__cdn/cms/blog/CuH8YAWBpat0OtJ1Bzhj8.jpg:0
[ 2654608ms] [ERROR] Failed to load resource: the server responded with a status of 403 (Forbidden) @ http://localhost:4321/__cdn/cms/blog/s4QiwxKR8A0mgDpwzwE7a.jpg:0
[ 2654658ms] [ERROR] Failed to load resource: the server responded with a status of 403 (Forbidden) @ http://localhost:4321/__cdn/cms/blog/CuH8YAWBpat0OtJ1Bzhj8.jpg:0
[ 2654699ms] [ERROR] Failed to load resource: the server responded with a status of 403 (Forbidden) @ http://localhost:4321/__cdn/cms/blog/z01keTWJpNeHw5fpaaR2c.jpg:0
[ 2654740ms] [ERROR] Failed to load resource: the server responded with a status of 403 (Forbidden) @ http://localhost:4321/__cdn/cms/blog/s4QiwxKR8A0mgDpwzwE7a.jpg:0
[ 2665319ms] [INFO] Connecting to 'https://www.google.com/g/collect?v=2&tid=G-CFY17JKKYK&gtm=45je64d1v9242823411za200zd9242823411&_p=1776249665032&gcd=13l3l3l3l1l1&npa=0&dma=0&_eu=AAAAAAQ&are=1&cid=1843232418.1776149325&frm=0&pscdl=noapi&rcb=14&sr=360x780&uaa=arm&uab=64&uafvl=Google%2520Chrome%3B147.0.7727.56%7CNot.A%252FBrand%3B8.0.0.0%7CChromium%3B147.0.7727.56&uam=&uamb=0&uap=macOS&uapv=26.3.0&uaw=0&ul=en-gb&_s=2&tag_exp=0%7E115616985%7E115938465%7E115938468%7E117266400&sid=1776249655&sct=4&seg=1&dl=http%3A%2F%2Flocalhost%2Fen%2Fblog%2Fwhat-is-an-image-url-a-complete-beginners-guide&dr=http%3A%2F%2Flocalhost%3A4321%2Fen%2Fblog%2Fwhat-is-an-image-url-a-complete-beginners-guide&dt=What+Is+an+Image+URL%3F+A+Complete+Beginner%E2%80%99s+Guide+%E2%80%94+ImageToURL+Blog&en=user_engagement&_et=10739&tfd=11081&gaf=1' violates the following Content Security Policy directive: "connect-src 'self' https://www.google-analytics.com https://*.google-analytics.com". The policy is report-only, so the violation has been logged but no further action has been taken. @ https://www.googletagmanager.com/gtag/js?id=G-CFY17JKKYK:230
[ 2665319ms] [INFO] Connecting to 'https://www.google.com/g/collect?v=2&tid=G-CFY17JKKYK&gtm=45je64d1v9242823411za200zd9242823411&_p=1776249665032&gcd=13l3l3l3l1l1&npa=0&dma=0&_eu=AAAAAAQ&are=1&cid=1843232418.1776149325&frm=0&pscdl=noapi&rcb=14&sr=360x780&uaa=arm&uab=64&uafvl=Google%2520Chrome%3B147.0.7727.56%7CNot.A%252FBrand%3B8.0.0.0%7CChromium%3B147.0.7727.56&uam=&uamb=0&uap=macOS&uapv=26.3.0&uaw=0&ul=en-gb&_s=2&tag_exp=0%7E115616985%7E115938465%7E115938468%7E117266400&sid=1776249655&sct=4&seg=1&dl=http%3A%2F%2Flocalhost%2Fen%2Fblog%2Fwhat-is-an-image-url-a-complete-beginners-guide&dr=http%3A%2F%2Flocalhost%3A4321%2Fen%2Fblog%2Fwhat-is-an-image-url-a-complete-beginners-guide&dt=What+Is+an+Image+URL%3F+A+Complete+Beginner%E2%80%99s+Guide+%E2%80%94+ImageToURL+Blog&en=user_engagement&_et=10739&tfd=11081&gaf=1' violates the following Content Security Policy directive: "connect-src 'self' https://www.google-analytics.com https://*.google-analytics.com". The policy is report-only, so the violation has been logged but no further action has been taken. @ https://www.googletagmanager.com/gtag/js?id=G-CFY17JKKYK:230
[ 2665392ms] [ERROR] Failed to load resource: the server responded with a status of 403 (Forbidden) @ http://localhost:4321/__cdn/cms/blog/CuH8YAWBpat0OtJ1Bzhj8.jpg:0
[ 2665393ms] [ERROR] Failed to load resource: the server responded with a status of 403 (Forbidden) @ http://localhost:4321/__cdn/cms/blog/z01keTWJpNeHw5fpaaR2c.jpg:0
[ 2665394ms] [ERROR] Failed to load resource: the server responded with a status of 403 (Forbidden) @ http://localhost:4321/__cdn/cms/blog/s4QiwxKR8A0mgDpwzwE7a.jpg:0
[ 2665455ms] [ERROR] Failed to load resource: the server responded with a status of 403 (Forbidden) @ http://localhost:4321/__cdn/cms/blog/CuH8YAWBpat0OtJ1Bzhj8.jpg:0
[ 2665498ms] [ERROR] Failed to load resource: the server responded with a status of 403 (Forbidden) @ http://localhost:4321/__cdn/cms/blog/z01keTWJpNeHw5fpaaR2c.jpg:0
[ 2665541ms] [ERROR] Failed to load resource: the server responded with a status of 403 (Forbidden) @ http://localhost:4321/__cdn/cms/blog/s4QiwxKR8A0mgDpwzwE7a.jpg:0
[ 2670772ms] [INFO] Connecting to 'https://www.google.com/g/collect?v=2&tid=G-CFY17JKKYK&gtm=45je64d1v9242823411za200zd9242823411&_p=1776249675818&gcd=13l3l3l3l1l1&npa=0&dma=0&_eu=AAAAAAQ&are=1&cid=1843232418.1776149325&frm=0&pscdl=noapi&rcb=19&sr=360x780&uaa=arm&uab=64&uafvl=Google%2520Chrome%3B147.0.7727.56%7CNot.A%252FBrand%3B8.0.0.0%7CChromium%3B147.0.7727.56&uam=&uamb=0&uap=macOS&uapv=26.3.0&uaw=0&ul=en-gb&_s=2&tag_exp=0%7E115616985%7E115938466%7E115938469%7E116363098%7E117266400%7E118131810%7E118463262&sid=1776249655&sct=4&seg=1&dl=http%3A%2F%2Flocalhost%2Fen%2Fblog%2Fwhat-is-an-image-url-a-complete-beginners-guide&dr=http%3A%2F%2Flocalhost%3A4321%2Fen%2Fblog%2Fwhat-is-an-image-url-a-complete-beginners-guide&dt=What+Is+an+Image+URL%3F+A+Complete+Beginner%E2%80%99s+Guide+%E2%80%94+ImageToURL+Blog&en=user_engagement&_et=5394&tfd=5818&gaf=1' violates the following Content Security Policy directive: "connect-src 'self' https://www.google-analytics.com https://*.google-analytics.com". The policy is report-only, so the violation has been logged but no further action has been taken. @ https://www.googletagmanager.com/gtag/js?id=G-CFY17JKKYK:230
[ 2670772ms] [INFO] Connecting to 'https://www.google.com/g/collect?v=2&tid=G-CFY17JKKYK&gtm=45je64d1v9242823411za200zd9242823411&_p=1776249675818&gcd=13l3l3l3l1l1&npa=0&dma=0&_eu=AAAAAAQ&are=1&cid=1843232418.1776149325&frm=0&pscdl=noapi&rcb=19&sr=360x780&uaa=arm&uab=64&uafvl=Google%2520Chrome%3B147.0.7727.56%7CNot.A%252FBrand%3B8.0.0.0%7CChromium%3B147.0.7727.56&uam=&uamb=0&uap=macOS&uapv=26.3.0&uaw=0&ul=en-gb&_s=2&tag_exp=0%7E115616985%7E115938466%7E115938469%7E116363098%7E117266400%7E118131810%7E118463262&sid=1776249655&sct=4&seg=1&dl=http%3A%2F%2Flocalhost%2Fen%2Fblog%2Fwhat-is-an-image-url-a-complete-beginners-guide&dr=http%3A%2F%2Flocalhost%3A4321%2Fen%2Fblog%2Fwhat-is-an-image-url-a-complete-beginners-guide&dt=What+Is+an+Image+URL%3F+A+Complete+Beginner%E2%80%99s+Guide+%E2%80%94+ImageToURL+Blog&en=user_engagement&_et=5394&tfd=5818&gaf=1' violates the following Content Security Policy directive: "connect-src 'self' https://www.google-analytics.com https://*.google-analytics.com". The policy is report-only, so the violation has been logged but no further action has been taken. @ https://www.googletagmanager.com/gtag/js?id=G-CFY17JKKYK:230
[ 2670847ms] [ERROR] Failed to load resource: the server responded with a status of 403 (Forbidden) @ http://localhost:4321/__cdn/cms/blog/z01keTWJpNeHw5fpaaR2c.jpg:0
[ 2670847ms] [ERROR] Failed to load resource: the server responded with a status of 403 (Forbidden) @ http://localhost:4321/__cdn/cms/blog/s4QiwxKR8A0mgDpwzwE7a.jpg:0
[ 2670852ms] [ERROR] Failed to load resource: the server responded with a status of 403 (Forbidden) @ http://localhost:4321/__cdn/cms/blog/CuH8YAWBpat0OtJ1Bzhj8.jpg:0
[ 2670892ms] [ERROR] Failed to load resource: the server responded with a status of 403 (Forbidden) @ http://localhost:4321/__cdn/cms/blog/CuH8YAWBpat0OtJ1Bzhj8.jpg:0
[ 2670934ms] [ERROR] Failed to load resource: the server responded with a status of 403 (Forbidden) @ http://localhost:4321/__cdn/cms/blog/z01keTWJpNeHw5fpaaR2c.jpg:0
[ 2670978ms] [ERROR] Failed to load resource: the server responded with a status of 403 (Forbidden) @ http://localhost:4321/__cdn/cms/blog/s4QiwxKR8A0mgDpwzwE7a.jpg:0
[ 2680344ms] [INFO] Connecting to 'https://www.google.com/g/collect?v=2&tid=G-CFY17JKKYK&gtm=45je64d1v9242823411za200zd9242823411&_p=1776249681265&gcd=13l3l3l3l1l1&npa=0&dma=0&_eu=AAAAAAQ&are=1&cid=1843232418.1776149325&frm=0&pscdl=noapi&rcb=10&sr=360x780&uaa=arm&uab=64&uafvl=Google%2520Chrome%3B147.0.7727.56%7CNot.A%252FBrand%3B8.0.0.0%7CChromium%3B147.0.7727.56&uam=&uamb=0&uap=macOS&uapv=26.3.0&uaw=0&ul=en-gb&_s=2&tag_exp=0%7E115938465%7E115938468%7E117266400%7E117884344&sid=1776249655&sct=4&seg=1&dl=http%3A%2F%2Flocalhost%2Fen%2Fblog%2Fwhat-is-an-image-url-a-complete-beginners-guide&dr=http%3A%2F%2Flocalhost%3A4321%2Fen%2Fblog%2Fwhat-is-an-image-url-a-complete-beginners-guide&dt=What+Is+an+Image+URL%3F+A+Complete+Beginner%E2%80%99s+Guide+%E2%80%94+ImageToURL+Blog&en=user_engagement&_et=9522&tfd=10178&gaf=1' violates the following Content Security Policy directive: "connect-src 'self' https://www.google-analytics.com https://*.google-analytics.com". The policy is report-only, so the violation has been logged but no further action has been taken. @ https://www.googletagmanager.com/gtag/js?id=G-CFY17JKKYK:230
[ 2680344ms] [INFO] Connecting to 'https://www.google.com/g/collect?v=2&tid=G-CFY17JKKYK&gtm=45je64d1v9242823411za200zd9242823411&_p=1776249681265&gcd=13l3l3l3l1l1&npa=0&dma=0&_eu=AAAAAAQ&are=1&cid=1843232418.1776149325&frm=0&pscdl=noapi&rcb=10&sr=360x780&uaa=arm&uab=64&uafvl=Google%2520Chrome%3B147.0.7727.56%7CNot.A%252FBrand%3B8.0.0.0%7CChromium%3B147.0.7727.56&uam=&uamb=0&uap=macOS&uapv=26.3.0&uaw=0&ul=en-gb&_s=2&tag_exp=0%7E115938465%7E115938468%7E117266400%7E117884344&sid=1776249655&sct=4&seg=1&dl=http%3A%2F%2Flocalhost%2Fen%2Fblog%2Fwhat-is-an-image-url-a-complete-beginners-guide&dr=http%3A%2F%2Flocalhost%3A4321%2Fen%2Fblog%2Fwhat-is-an-image-url-a-complete-beginners-guide&dt=What+Is+an+Image+URL%3F+A+Complete+Beginner%E2%80%99s+Guide+%E2%80%94+ImageToURL+Blog&en=user_engagement&_et=9522&tfd=10178&gaf=1' violates the following Content Security Policy directive: "connect-src 'self' https://www.google-analytics.com https://*.google-analytics.com". The policy is report-only, so the violation has been logged but no further action has been taken. @ https://www.googletagmanager.com/gtag/js?id=G-CFY17JKKYK:230
[ 2680409ms] [ERROR] Failed to load resource: the server responded with a status of 403 (Forbidden) @ http://localhost:4321/__cdn/cms/blog/z01keTWJpNeHw5fpaaR2c.jpg:0
[ 2680418ms] [ERROR] Failed to load resource: the server responded with a status of 403 (Forbidden) @ http://localhost:4321/__cdn/cms/blog/s4QiwxKR8A0mgDpwzwE7a.jpg:0
[ 2680419ms] [ERROR] Failed to load resource: the server responded with a status of 403 (Forbidden) @ http://localhost:4321/__cdn/cms/blog/CuH8YAWBpat0OtJ1Bzhj8.jpg:0
[ 2680469ms] [ERROR] Failed to load resource: the server responded with a status of 403 (Forbidden) @ http://localhost:4321/__cdn/cms/blog/CuH8YAWBpat0OtJ1Bzhj8.jpg:0
[ 2680508ms] [ERROR] Failed to load resource: the server responded with a status of 403 (Forbidden) @ http://localhost:4321/__cdn/cms/blog/z01keTWJpNeHw5fpaaR2c.jpg:0
[ 2680551ms] [ERROR] Failed to load resource: the server responded with a status of 403 (Forbidden) @ http://localhost:4321/__cdn/cms/blog/s4QiwxKR8A0mgDpwzwE7a.jpg:0
[ 2748488ms] [INFO] Connecting to 'https://www.google.com/g/collect?v=2&tid=G-CFY17JKKYK&gtm=45je64d1v9242823411za200zd9242823411&_p=1776249690836&gcd=13l3l3l3l1l1&npa=0&dma=0&_eu=AAAAAAQ&are=1&cid=1843232418.1776149325&frm=0&pscdl=noapi&rcb=6&sr=360x780&uaa=arm&uab=64&uafvl=Google%2520Chrome%3B147.0.7727.56%7CNot.A%252FBrand%3B8.0.0.0%7CChromium%3B147.0.7727.56&uam=&uamb=0&uap=macOS&uapv=26.3.0&uaw=0&ul=en-gb&_s=2&tag_exp=0%7E115616985%7E115938466%7E115938469%7E117266400&sid=1776249655&sct=4&seg=1&dl=http%3A%2F%2Flocalhost%2Fen%2Fblog%2Fwhat-is-an-image-url-a-complete-beginners-guide&dr=http%3A%2F%2Flocalhost%3A4321%2Fen%2Fblog%2Fwhat-is-an-image-url-a-complete-beginners-guide&dt=What+Is+an+Image+URL%3F+A+Complete+Beginner%E2%80%99s+Guide+%E2%80%94+ImageToURL+Blog&en=user_engagement&_et=68092&tfd=68798&gaf=1' violates the following Content Security Policy directive: "connect-src 'self' https://www.google-analytics.com https://*.google-analytics.com". The policy is report-only, so the violation has been logged but no further action has been taken. @ https://www.googletagmanager.com/gtag/js?id=G-CFY17JKKYK:230
[ 2748488ms] [INFO] Connecting to 'https://www.google.com/g/collect?v=2&tid=G-CFY17JKKYK&gtm=45je64d1v9242823411za200zd9242823411&_p=1776249690836&gcd=13l3l3l3l1l1&npa=0&dma=0&_eu=AAAAAAQ&are=1&cid=1843232418.1776149325&frm=0&pscdl=noapi&rcb=6&sr=360x780&uaa=arm&uab=64&uafvl=Google%2520Chrome%3B147.0.7727.56%7CNot.A%252FBrand%3B8.0.0.0%7CChromium%3B147.0.7727.56&uam=&uamb=0&uap=macOS&uapv=26.3.0&uaw=0&ul=en-gb&_s=2&tag_exp=0%7E115616985%7E115938466%7E115938469%7E117266400&sid=1776249655&sct=4&seg=1&dl=http%3A%2F%2Flocalhost%2Fen%2Fblog%2Fwhat-is-an-image-url-a-complete-beginners-guide&dr=http%3A%2F%2Flocalhost%3A4321%2Fen%2Fblog%2Fwhat-is-an-image-url-a-complete-beginners-guide&dt=What+Is+an+Image+URL%3F+A+Complete+Beginner%E2%80%99s+Guide+%E2%80%94+ImageToURL+Blog&en=user_engagement&_et=68092&tfd=68798&gaf=1' violates the following Content Security Policy directive: "connect-src 'self' https://www.google-analytics.com https://*.google-analytics.com". The policy is report-only, so the violation has been logged but no further action has been taken. @ https://www.googletagmanager.com/gtag/js?id=G-CFY17JKKYK:230
[ 2748552ms] [ERROR] Failed to load resource: the server responded with a status of 403 (Forbidden) @ http://localhost:4321/__cdn/cms/blog/CuH8YAWBpat0OtJ1Bzhj8.jpg:0
[ 2748555ms] [ERROR] Failed to load resource: the server responded with a status of 403 (Forbidden) @ http://localhost:4321/__cdn/cms/blog/z01keTWJpNeHw5fpaaR2c.jpg:0
[ 2748560ms] [ERROR] Failed to load resource: the server responded with a status of 403 (Forbidden) @ http://localhost:4321/__cdn/cms/blog/s4QiwxKR8A0mgDpwzwE7a.jpg:0
[ 2748616ms] [ERROR] Failed to load resource: the server responded with a status of 403 (Forbidden) @ http://localhost:4321/__cdn/cms/blog/CuH8YAWBpat0OtJ1Bzhj8.jpg:0
[ 2748656ms] [ERROR] Failed to load resource: the server responded with a status of 403 (Forbidden) @ http://localhost:4321/__cdn/cms/blog/z01keTWJpNeHw5fpaaR2c.jpg:0
[ 2748695ms] [ERROR] Failed to load resource: the server responded with a status of 403 (Forbidden) @ http://localhost:4321/__cdn/cms/blog/s4QiwxKR8A0mgDpwzwE7a.jpg:0
[ 3102777ms] [ERROR] Failed to load resource: the server responded with a status of 500 (Internal Server Error) @ http://localhost:4321/en/blog/what-is-an-image-url-a-complete-beginners-guide:0
[ 3123536ms] [ERROR] Failed to load resource: the server responded with a status of 500 (Internal Server Error) @ http://localhost:4321/en/blog/what-is-an-image-url-a-complete-beginners-guide:0
[ 3205622ms] [ERROR] Failed to load resource: the server responded with a status of 500 (Internal Server Error) @ http://localhost:4321/en/blog/what-is-an-image-url-a-complete-beginners-guide:0
[ 3229254ms] [ERROR] Failed to load resource: the server responded with a status of 500 (Internal Server Error) @ http://localhost:4321/en/blog/what-is-an-image-url-a-complete-beginners-guide:0
[ 3237717ms] [ERROR] Failed to load resource: the server responded with a status of 500 (Internal Server Error) @ http://localhost:4321/en/blog/what-is-an-image-url-a-complete-beginners-guide:0
[ 3248376ms] [ERROR] Failed to load resource: the server responded with a status of 500 (Internal Server Error) @ http://localhost:4321/en/blog/what-is-an-image-url-a-complete-beginners-guide:0
[ 3325030ms] [ERROR] Failed to load resource: the server responded with a status of 500 (Internal Server Error) @ http://localhost:4321/en/blog/what-is-an-image-url-a-complete-beginners-guide:0
[ 3333660ms] [ERROR] Failed to load resource: the server responded with a status of 500 (Internal Server Error) @ http://localhost:4321/en/blog/what-is-an-image-url-a-complete-beginners-guide:0
[ 3412588ms] [ERROR] Failed to load resource: the server responded with a status of 500 (Internal Server Error) @ http://localhost:4321/en/blog/what-is-an-image-url-a-complete-beginners-guide:0
[ 3425992ms] [ERROR] Failed to load resource: the server responded with a status of 500 (Internal Server Error) @ http://localhost:4321/en/blog/what-is-an-image-url-a-complete-beginners-guide:0
[ 3438784ms] [ERROR] Failed to load resource: the server responded with a status of 500 (Internal Server Error) @ http://localhost:4321/en/blog/what-is-an-image-url-a-complete-beginners-guide:0
[ 3495068ms] [ERROR] Failed to load resource: the server responded with a status of 500 (Internal Server Error) @ http://localhost:4321/en/blog/what-is-an-image-url-a-complete-beginners-guide:0
[ 3511166ms] [ERROR] Failed to load resource: the server responded with a status of 500 (Internal Server Error) @ http://localhost:4321/en/blog/what-is-an-image-url-a-complete-beginners-guide:0
[ 3567095ms] [ERROR] Failed to load resource: the server responded with a status of 500 (Internal Server Error) @ http://localhost:4321/en/blog/what-is-an-image-url-a-complete-beginners-guide:0
[ 4689802ms] [ERROR] Failed to load resource: the server responded with a status of 500 (Internal Server Error) @ http://localhost:4321/en/blog/what-is-an-image-url-a-complete-beginners-guide:0
[ 4699248ms] [ERROR] Failed to load resource: the server responded with a status of 500 (Internal Server Error) @ http://localhost:4321/en/blog/what-is-an-image-url-a-complete-beginners-guide:0
[ 4869956ms] [ERROR] Failed to load resource: the server responded with a status of 500 (Internal Server Error) @ http://localhost:4321/en/blog/what-is-an-image-url-a-complete-beginners-guide:0
[ 4891857ms] [ERROR] Failed to load resource: the server responded with a status of 500 (Internal Server Error) @ http://localhost:4321/en/blog/what-is-an-image-url-a-complete-beginners-guide:0
[ 4896045ms] [ERROR] Failed to load resource: the server responded with a status of 500 (Internal Server Error) @ http://localhost:4321/en/blog/what-is-an-image-url-a-complete-beginners-guide:0
[ 4901221ms] [ERROR] Failed to load resource: the server responded with a status of 500 (Internal Server Error) @ http://localhost:4321/en/blog/what-is-an-image-url-a-complete-beginners-guide:0
[ 4905354ms] [ERROR] Failed to load resource: the server responded with a status of 500 (Internal Server Error) @ http://localhost:4321/en/blog/what-is-an-image-url-a-complete-beginners-guide:0
[ 4914406ms] [ERROR] Failed to load resource: the server responded with a status of 500 (Internal Server Error) @ http://localhost:4321/en/blog/what-is-an-image-url-a-complete-beginners-guide:0
[ 4928847ms] [ERROR] Failed to load resource: the server responded with a status of 500 (Internal Server Error) @ http://localhost:4321/en/blog/what-is-an-image-url-a-complete-beginners-guide:0
[ 4933630ms] [ERROR] Failed to load resource: the server responded with a status of 500 (Internal Server Error) @ http://localhost:4321/en/blog/what-is-an-image-url-a-complete-beginners-guide:0
[ 4938833ms] [ERROR] Failed to load resource: the server responded with a status of 500 (Internal Server Error) @ http://localhost:4321/en/blog/what-is-an-image-url-a-complete-beginners-guide:0
[ 4959607ms] [ERROR] Failed to load resource: the server responded with a status of 500 (Internal Server Error) @ http://localhost:4321/en/blog/what-is-an-image-url-a-complete-beginners-guide:0
[ 4975407ms] [ERROR] Failed to load resource: the server responded with a status of 500 (Internal Server Error) @ http://localhost:4321/en/blog/what-is-an-image-url-a-complete-beginners-guide:0
[ 4987610ms] [ERROR] Failed to load resource: the server responded with a status of 500 (Internal Server Error) @ http://localhost:4321/en/blog/what-is-an-image-url-a-complete-beginners-guide:0
