[      70ms] [ERROR] Failed to load resource: the server responded with a status of 403 (Forbidden) @ http://localhost:4321/__cdn/cms/blog/Jz7HOe828zaTTkA1N1Pfo.png:0
[      70ms] [ERROR] Failed to load resource: the server responded with a status of 403 (Forbidden) @ http://localhost:4321/__cdn/cms/blog/GASlITveYTTDSIpDsfuNt.jpg:0
[      74ms] [ERROR] Failed to load resource: the server responded with a status of 403 (Forbidden) @ http://localhost:4321/__cdn/cms/blog/utACvlGBZgCq6ulzzc7t4.png:0
[     134ms] [ERROR] Failed to load resource: the server responded with a status of 403 (Forbidden) @ http://localhost:4321/__cdn/cms/blog/GASlITveYTTDSIpDsfuNt.jpg:0
[     318ms] [ERROR] Failed to load resource: the server responded with a status of 403 (Forbidden) @ http://localhost:4321/__cdn/cms/blog/SavudBYCpqKDEzLajuFs7.png:0
[     358ms] [ERROR] Failed to load resource: the server responded with a status of 403 (Forbidden) @ http://localhost:4321/__cdn/cms/blog/SavudBYCpqKDEzLajuFs7.png:0
[     398ms] [ERROR] Failed to load resource: the server responded with a status of 403 (Forbidden) @ http://localhost:4321/__cdn/cms/blog/Jz7HOe828zaTTkA1N1Pfo.png:0
[     441ms] [ERROR] Failed to load resource: the server responded with a status of 403 (Forbidden) @ http://localhost:4321/__cdn/cms/blog/utACvlGBZgCq6ulzzc7t4.png:0
[   18199ms] [INFO] Connecting to 'https://www.google.com/g/collect?v=2&tid=G-CFY17JKKYK&gtm=45je64f1v9242823411za200zd9242823411&_p=1776514828592&gcd=13l3l3l3l1l1&npa=0&dma=0&_eu=AAAAAAQ&are=1&cid=1843232418.1776149325&frm=0&pscdl=noapi&rcb=4&sr=1920x1080&uaa=arm&uab=64&uafvl=Google%2520Chrome%3B147.0.7727.57%7CNot.A%252FBrand%3B8.0.0.0%7CChromium%3B147.0.7727.57&uam=&uamb=0&uap=macOS&uapv=26.3.0&uaw=0&ul=en-gb&_s=2&tag_exp=0%7E115616985%7E115938466%7E115938469%7E117266400&sid=1776510718&sct=5&seg=1&dl=http%3A%2F%2Flocalhost%2Fen%2Fblog%2Fhow-to-convert-any-image-to-a-shareable-url-in-seconds-step-by-step-o6rf1r&dt=How+to+Convert+Any+Image+to+a+Shareable+URL+in+Seconds+%28Step-by-Step%29+%E2%80%94+ImageToURL+Blog&en=user_engagement&_et=16612&tfd=18195&gaf=1' violates the following Content Security Policy directive: "connect-src 'self' https://www.google-analytics.com https://*.google-analytics.com". The policy is report-only, so the violation has been logged but no further action has been taken. @ https://www.googletagmanager.com/gtag/js?id=G-CFY17JKKYK:230
[   18199ms] [INFO] Connecting to 'https://www.google.com/g/collect?v=2&tid=G-CFY17JKKYK&gtm=45je64f1v9242823411za200zd9242823411&_p=1776514828592&gcd=13l3l3l3l1l1&npa=0&dma=0&_eu=AAAAAAQ&are=1&cid=1843232418.1776149325&frm=0&pscdl=noapi&rcb=4&sr=1920x1080&uaa=arm&uab=64&uafvl=Google%2520Chrome%3B147.0.7727.57%7CNot.A%252FBrand%3B8.0.0.0%7CChromium%3B147.0.7727.57&uam=&uamb=0&uap=macOS&uapv=26.3.0&uaw=0&ul=en-gb&_s=2&tag_exp=0%7E115616985%7E115938466%7E115938469%7E117266400&sid=1776510718&sct=5&seg=1&dl=http%3A%2F%2Flocalhost%2Fen%2Fblog%2Fhow-to-convert-any-image-to-a-shareable-url-in-seconds-step-by-step-o6rf1r&dt=How+to+Convert+Any+Image+to+a+Shareable+URL+in+Seconds+%28Step-by-Step%29+%E2%80%94+ImageToURL+Blog&en=user_engagement&_et=16612&tfd=18195&gaf=1' violates the following Content Security Policy directive: "connect-src 'self' https://www.google-analytics.com https://*.google-analytics.com". The policy is report-only, so the violation has been logged but no further action has been taken. @ https://www.googletagmanager.com/gtag/js?id=G-CFY17JKKYK:230
[   18309ms] [ERROR] Failed to load resource: the server responded with a status of 403 (Forbidden) @ http://localhost:4321/__cdn/cms/blog/GASlITveYTTDSIpDsfuNt.jpg:0
[   18309ms] [ERROR] Failed to load resource: the server responded with a status of 403 (Forbidden) @ http://localhost:4321/__cdn/cms/blog/SavudBYCpqKDEzLajuFs7.png:0
[   18309ms] [ERROR] Failed to load resource: the server responded with a status of 403 (Forbidden) @ http://localhost:4321/__cdn/cms/blog/Jz7HOe828zaTTkA1N1Pfo.png:0
[   18309ms] [ERROR] Failed to load resource: the server responded with a status of 403 (Forbidden) @ http://localhost:4321/__cdn/cms/blog/utACvlGBZgCq6ulzzc7t4.png:0
[   18395ms] [ERROR] Failed to load resource: the server responded with a status of 403 (Forbidden) @ http://localhost:4321/__cdn/cms/blog/GASlITveYTTDSIpDsfuNt.jpg:0
[   18434ms] [ERROR] Failed to load resource: the server responded with a status of 403 (Forbidden) @ http://localhost:4321/__cdn/cms/blog/SavudBYCpqKDEzLajuFs7.png:0
[   18474ms] [ERROR] Failed to load resource: the server responded with a status of 403 (Forbidden) @ http://localhost:4321/__cdn/cms/blog/Jz7HOe828zaTTkA1N1Pfo.png:0
[   18514ms] [ERROR] Failed to load resource: the server responded with a status of 403 (Forbidden) @ http://localhost:4321/__cdn/cms/blog/utACvlGBZgCq6ulzzc7t4.png:0
[   64310ms] [INFO] Connecting to 'https://www.google.com/g/collect?v=2&tid=G-CFY17JKKYK&gtm=45je64f1v9242823411za200zd9242823411&_p=1776514846910&gcd=13l3l3l3l1l1&npa=0&dma=0&_eu=AAAAAAQ&are=1&cid=1843232418.1776149325&frm=0&pscdl=noapi&rcb=17&sr=1920x1080&uaa=arm&uab=64&uafvl=Google%2520Chrome%3B147.0.7727.57%7CNot.A%252FBrand%3B8.0.0.0%7CChromium%3B147.0.7727.57&uam=&uamb=0&uap=macOS&uapv=26.3.0&uaw=0&ul=en-gb&_s=2&tag_exp=0%7E115938465%7E115938469%7E117266400&sid=1776510718&sct=5&seg=1&dl=http%3A%2F%2Flocalhost%2Fzh-Hans%2Fblog%2F%E5%9B%BE%E7%89%87-%E5%BF%AB%E9%80%9F-%E8%BD%AC%E6%8D%A2-%E5%88%86%E4%BA%AB-url&dr=http%3A%2F%2Flocalhost%3A4321%2Fen%2Fblog%2Fhow-to-convert-any-image-to-a-shareable-url-in-seconds-step-by-step-o6rf1r&dt=%E5%A6%82%E4%BD%95%E7%A7%92%E9%80%9F%E5%B0%86%E4%BB%BB%E4%BD%95%E5%9B%BE%E7%89%87%E8%BD%AC%E6%8D%A2%E4%B8%BA%E5%8F%AF%E5%88%86%E4%BA%AB%E7%9A%84+URL%EF%BC%88%E5%88%86%E6%AD%A5%E6%8C%87%E5%8D%97%EF%BC%89+%E2%80%94+ImageToURL+Blog&en=user_engagement&_et=44399&tfd=47873&gaf=1' violates the following Content Security Policy directive: "connect-src 'self' https://www.google-analytics.com https://*.google-analytics.com". The policy is report-only, so the violation has been logged but no further action has been taken. @ https://www.googletagmanager.com/gtag/js?id=G-CFY17JKKYK:230
[   64310ms] [INFO] Connecting to 'https://www.google.com/g/collect?v=2&tid=G-CFY17JKKYK&gtm=45je64f1v9242823411za200zd9242823411&_p=1776514846910&gcd=13l3l3l3l1l1&npa=0&dma=0&_eu=AAAAAAQ&are=1&cid=1843232418.1776149325&frm=0&pscdl=noapi&rcb=17&sr=1920x1080&uaa=arm&uab=64&uafvl=Google%2520Chrome%3B147.0.7727.57%7CNot.A%252FBrand%3B8.0.0.0%7CChromium%3B147.0.7727.57&uam=&uamb=0&uap=macOS&uapv=26.3.0&uaw=0&ul=en-gb&_s=2&tag_exp=0%7E115938465%7E115938469%7E117266400&sid=1776510718&sct=5&seg=1&dl=http%3A%2F%2Flocalhost%2Fzh-Hans%2Fblog%2F%E5%9B%BE%E7%89%87-%E5%BF%AB%E9%80%9F-%E8%BD%AC%E6%8D%A2-%E5%88%86%E4%BA%AB-url&dr=http%3A%2F%2Flocalhost%3A4321%2Fen%2Fblog%2Fhow-to-convert-any-image-to-a-shareable-url-in-seconds-step-by-step-o6rf1r&dt=%E5%A6%82%E4%BD%95%E7%A7%92%E9%80%9F%E5%B0%86%E4%BB%BB%E4%BD%95%E5%9B%BE%E7%89%87%E8%BD%AC%E6%8D%A2%E4%B8%BA%E5%8F%AF%E5%88%86%E4%BA%AB%E7%9A%84+URL%EF%BC%88%E5%88%86%E6%AD%A5%E6%8C%87%E5%8D%97%EF%BC%89+%E2%80%94+ImageToURL+Blog&en=user_engagement&_et=44399&tfd=47873&gaf=1' violates the following Content Security Policy directive: "connect-src 'self' https://www.google-analytics.com https://*.google-analytics.com". The policy is report-only, so the violation has been logged but no further action has been taken. @ https://www.googletagmanager.com/gtag/js?id=G-CFY17JKKYK:230
[   64383ms] [ERROR] Failed to load resource: the server responded with a status of 403 (Forbidden) @ http://localhost:4321/__cdn/cms/blog/Jz7HOe828zaTTkA1N1Pfo.png:0
[   64387ms] [ERROR] Failed to load resource: the server responded with a status of 403 (Forbidden) @ http://localhost:4321/__cdn/cms/blog/utACvlGBZgCq6ulzzc7t4.png:0
[   64387ms] [ERROR] Failed to load resource: the server responded with a status of 403 (Forbidden) @ http://localhost:4321/__cdn/cms/blog/SavudBYCpqKDEzLajuFs7.png:0
[   64391ms] [ERROR] Failed to load resource: the server responded with a status of 403 (Forbidden) @ http://localhost:4321/__cdn/cms/blog/GASlITveYTTDSIpDsfuNt.jpg:0
[   64448ms] [ERROR] Failed to load resource: the server responded with a status of 403 (Forbidden) @ http://localhost:4321/__cdn/cms/blog/GASlITveYTTDSIpDsfuNt.jpg:0
[   64488ms] [ERROR] Failed to load resource: the server responded with a status of 403 (Forbidden) @ http://localhost:4321/__cdn/cms/blog/SavudBYCpqKDEzLajuFs7.png:0
[   64529ms] [ERROR] Failed to load resource: the server responded with a status of 403 (Forbidden) @ http://localhost:4321/__cdn/cms/blog/Jz7HOe828zaTTkA1N1Pfo.png:0
[   64572ms] [ERROR] Failed to load resource: the server responded with a status of 403 (Forbidden) @ http://localhost:4321/__cdn/cms/blog/utACvlGBZgCq6ulzzc7t4.png:0
[   95047ms] [ERROR] Failed to load resource: the server responded with a status of 403 (Forbidden) @ http://localhost:4321/__cdn/cms/blog/SavudBYCpqKDEzLajuFs7.png:0
[   95048ms] [ERROR] Failed to load resource: the server responded with a status of 403 (Forbidden) @ http://localhost:4321/__cdn/cms/blog/GASlITveYTTDSIpDsfuNt.jpg:0
[   95048ms] [ERROR] Failed to load resource: the server responded with a status of 403 (Forbidden) @ http://localhost:4321/__cdn/cms/blog/Jz7HOe828zaTTkA1N1Pfo.png:0
[   95048ms] [ERROR] Failed to load resource: the server responded with a status of 403 (Forbidden) @ http://localhost:4321/__cdn/cms/blog/utACvlGBZgCq6ulzzc7t4.png:0
[   95117ms] [ERROR] Failed to load resource: the server responded with a status of 403 (Forbidden) @ http://localhost:4321/__cdn/cms/blog/GASlITveYTTDSIpDsfuNt.jpg:0
[   95157ms] [ERROR] Failed to load resource: the server responded with a status of 403 (Forbidden) @ http://localhost:4321/__cdn/cms/blog/SavudBYCpqKDEzLajuFs7.png:0
[   95197ms] [ERROR] Failed to load resource: the server responded with a status of 403 (Forbidden) @ http://localhost:4321/__cdn/cms/blog/Jz7HOe828zaTTkA1N1Pfo.png:0
[   95240ms] [ERROR] Failed to load resource: the server responded with a status of 403 (Forbidden) @ http://localhost:4321/__cdn/cms/blog/utACvlGBZgCq6ulzzc7t4.png:0
[  110741ms] [ERROR] Failed to load resource: the server responded with a status of 403 (Forbidden) @ http://localhost:4321/__cdn/cms/blog/GASlITveYTTDSIpDsfuNt.jpg:0
[  110741ms] [ERROR] Failed to load resource: the server responded with a status of 403 (Forbidden) @ http://localhost:4321/__cdn/cms/blog/SavudBYCpqKDEzLajuFs7.png:0
[  110741ms] [ERROR] Failed to load resource: the server responded with a status of 403 (Forbidden) @ http://localhost:4321/__cdn/cms/blog/Jz7HOe828zaTTkA1N1Pfo.png:0
[  110745ms] [ERROR] Failed to load resource: the server responded with a status of 403 (Forbidden) @ http://localhost:4321/__cdn/cms/blog/utACvlGBZgCq6ulzzc7t4.png:0
[  110809ms] [ERROR] Failed to load resource: the server responded with a status of 403 (Forbidden) @ http://localhost:4321/__cdn/cms/blog/GASlITveYTTDSIpDsfuNt.jpg:0
[  110851ms] [ERROR] Failed to load resource: the server responded with a status of 403 (Forbidden) @ http://localhost:4321/__cdn/cms/blog/SavudBYCpqKDEzLajuFs7.png:0
[  111145ms] [ERROR] Failed to load resource: the server responded with a status of 403 (Forbidden) @ http://localhost:4321/__cdn/cms/blog/Jz7HOe828zaTTkA1N1Pfo.png:0
[  111190ms] [ERROR] Failed to load resource: the server responded with a status of 403 (Forbidden) @ http://localhost:4321/__cdn/cms/blog/utACvlGBZgCq6ulzzc7t4.png:0
[  114631ms] [INFO] Connecting to 'https://www.google.com/g/collect?v=2&tid=G-CFY17JKKYK&gtm=45je64f1v9242823411za200zd9242823411&_p=1776514939156&gcd=13l3l3l3l1l1&npa=0&dma=0&_eu=AAAAAAQ&are=1&cid=1843232418.1776149325&frm=0&pscdl=noapi&rcb=4&sr=1920x1080&uaa=arm&uab=64&uafvl=Google%2520Chrome%3B147.0.7727.57%7CNot.A%252FBrand%3B8.0.0.0%7CChromium%3B147.0.7727.57&uam=&uamb=0&uap=macOS&uapv=26.3.0&uaw=0&ul=en-gb&tag_exp=0%7E115938466%7E115938469%7E117266400&sid=1776510718&sct=5&seg=1&dl=http%3A%2F%2Flocalhost%2Fzh-Hans%2Fblog%2F%E5%9B%BE%E7%89%87-%E5%BF%AB%E9%80%9F-%E8%BD%AC%E6%8D%A2-%E5%88%86%E4%BA%AB-url&dr=http%3A%2F%2Flocalhost%3A4321%2Fzh-Hans%2Fblog%2F%E5%9B%BE%E7%89%87-%E5%BF%AB%E9%80%9F-%E8%BD%AC%E6%8D%A2-%E5%88%86%E4%BA%AB-url&dt=%E5%A6%82%E4%BD%95%E7%A7%92%E9%80%9F%E5%B0%86%E4%BB%BB%E4%BD%95%E5%9B%BE%E7%89%87%E8%BD%AC%E6%8D%A2%E4%B8%BA%E5%8F%AF%E5%88%86%E4%BA%AB%E7%9A%84+URL%EF%BC%88%E5%88%86%E6%AD%A5%E6%8C%87%E5%8D%97%EF%BC%89+%E2%80%94+ImageToURL+Blog&_s=1&tfd=7881&gaf=1' violates the following Content Security Policy directive: "connect-src 'self' https://www.google-analytics.com https://*.google-analytics.com". The policy is report-only, so the violation has been logged but no further action has been taken. @ https://www.googletagmanager.com/gtag/js?id=G-CFY17JKKYK:230
[  114631ms] [INFO] Connecting to 'https://www.google.com/g/collect?v=2&tid=G-CFY17JKKYK&gtm=45je64f1v9242823411za200zd9242823411&_p=1776514939156&gcd=13l3l3l3l1l1&npa=0&dma=0&_eu=AAAAAAQ&are=1&cid=1843232418.1776149325&frm=0&pscdl=noapi&rcb=4&sr=1920x1080&uaa=arm&uab=64&uafvl=Google%2520Chrome%3B147.0.7727.57%7CNot.A%252FBrand%3B8.0.0.0%7CChromium%3B147.0.7727.57&uam=&uamb=0&uap=macOS&uapv=26.3.0&uaw=0&ul=en-gb&tag_exp=0%7E115938466%7E115938469%7E117266400&sid=1776510718&sct=5&seg=1&dl=http%3A%2F%2Flocalhost%2Fzh-Hans%2Fblog%2F%E5%9B%BE%E7%89%87-%E5%BF%AB%E9%80%9F-%E8%BD%AC%E6%8D%A2-%E5%88%86%E4%BA%AB-url&dr=http%3A%2F%2Flocalhost%3A4321%2Fzh-Hans%2Fblog%2F%E5%9B%BE%E7%89%87-%E5%BF%AB%E9%80%9F-%E8%BD%AC%E6%8D%A2-%E5%88%86%E4%BA%AB-url&dt=%E5%A6%82%E4%BD%95%E7%A7%92%E9%80%9F%E5%B0%86%E4%BB%BB%E4%BD%95%E5%9B%BE%E7%89%87%E8%BD%AC%E6%8D%A2%E4%B8%BA%E5%8F%AF%E5%88%86%E4%BA%AB%E7%9A%84+URL%EF%BC%88%E5%88%86%E6%AD%A5%E6%8C%87%E5%8D%97%EF%BC%89+%E2%80%94+ImageToURL+Blog&_s=1&tfd=7881&gaf=1' violates the following Content Security Policy directive: "connect-src 'self' https://www.google-analytics.com https://*.google-analytics.com". The policy is report-only, so the violation has been logged but no further action has been taken. @ https://www.googletagmanager.com/gtag/js?id=G-CFY17JKKYK:230
[  114690ms] [ERROR] Failed to load resource: the server responded with a status of 403 (Forbidden) @ http://localhost:4321/__cdn/cms/blog/GASlITveYTTDSIpDsfuNt.jpg:0
[  114692ms] [ERROR] Failed to load resource: the server responded with a status of 403 (Forbidden) @ http://localhost:4321/__cdn/cms/blog/SavudBYCpqKDEzLajuFs7.png:0
[  114694ms] [ERROR] Failed to load resource: the server responded with a status of 403 (Forbidden) @ http://localhost:4321/__cdn/cms/blog/Jz7HOe828zaTTkA1N1Pfo.png:0
[  114694ms] [ERROR] Failed to load resource: the server responded with a status of 403 (Forbidden) @ http://localhost:4321/__cdn/cms/blog/utACvlGBZgCq6ulzzc7t4.png:0
[  114754ms] [ERROR] Failed to load resource: the server responded with a status of 403 (Forbidden) @ http://localhost:4321/__cdn/cms/blog/GASlITveYTTDSIpDsfuNt.jpg:0
[  114794ms] [ERROR] Failed to load resource: the server responded with a status of 403 (Forbidden) @ http://localhost:4321/__cdn/cms/blog/SavudBYCpqKDEzLajuFs7.png:0
[  114833ms] [ERROR] Failed to load resource: the server responded with a status of 403 (Forbidden) @ http://localhost:4321/__cdn/cms/blog/Jz7HOe828zaTTkA1N1Pfo.png:0
[  114874ms] [ERROR] Failed to load resource: the server responded with a status of 403 (Forbidden) @ http://localhost:4321/__cdn/cms/blog/utACvlGBZgCq6ulzzc7t4.png:0
