[    2397ms] [INFO] Loading the script 'https://pagead2.googlesyndication.com/pagead/js/adsbygoogle.js?client=ca-pub-7803867089582138' violates the following Content Security Policy directive: "script-src 'self' 'unsafe-inline' https://www.googletagmanager.com https://www.google-analytics.com". Note that 'script-src-elem' was not explicitly set, so 'script-src' is used as a fallback. The policy is report-only, so the violation has been logged but no further action has been taken. @ http://localhost:4321/en/:0
[    2570ms] [INFO] Loading the script 'https://pagead2.googlesyndication.com/pagead/managed/js/adsense/m202604170101/show_ads_impl_fy2021.js?bust=31097971' violates the following Content Security Policy directive: "script-src 'self' 'unsafe-inline' https://www.googletagmanager.com https://www.google-analytics.com". Note that 'script-src-elem' was not explicitly set, so 'script-src' is used as a fallback. The policy is report-only, so the violation has been logged but no further action has been taken. @ https://pagead2.googlesyndication.com/pagead/js/adsbygoogle.js?client=ca-pub-7803867089582138:41
[    2658ms] [ERROR] Failed to load resource: the server responded with a status of 403 (Forbidden) @ http://localhost:4321/__cdn/cms/blog/OPVnzfkz8re8RBUBaQYWr.jpg:0
[    2659ms] [ERROR] Failed to load resource: the server responded with a status of 403 (Forbidden) @ http://localhost:4321/__cdn/cms/blog/k9ZSHUMpl3YoknIUwhYni.jpg:0
[    2660ms] [ERROR] Framing 'https://googleads.g.doubleclick.net/' violates the following report-only Content Security Policy directive: "default-src 'self'". The violation has been logged, but no further action has been taken. Note that 'frame-src' was not explicitly set, so 'default-src' is used as a fallback.
 @ https://pagead2.googlesyndication.com/:0
[    2660ms] [ERROR] Framing 'https://googleads.g.doubleclick.net/' violates the following report-only Content Security Policy directive: "default-src 'self'". The violation has been logged, but no further action has been taken. Note that 'frame-src' was not explicitly set, so 'default-src' is used as a fallback.
 @ https://pagead2.googlesyndication.com/:0
[    2661ms] [ERROR] Failed to load resource: the server responded with a status of 403 (Forbidden) @ http://localhost:4321/__cdn/cms/blog/FDsdPaaUD02ayeXr4qMvj.png:0
[    2692ms] [ERROR] Framing 'https://googleads.g.doubleclick.net/' violates the following report-only Content Security Policy directive: "default-src 'self'". The violation has been logged, but no further action has been taken. Note that 'frame-src' was not explicitly set, so 'default-src' is used as a fallback.
 @ https://pagead2.googlesyndication.com/:0
[    2727ms] [ERROR] Failed to load resource: the server responded with a status of 403 (Forbidden) @ http://localhost:4321/__cdn/cms/blog/OPVnzfkz8re8RBUBaQYWr.jpg:0
[    2773ms] [ERROR] Failed to load resource: the server responded with a status of 403 (Forbidden) @ http://localhost:4321/__cdn/cms/blog/k9ZSHUMpl3YoknIUwhYni.jpg:0
[    2814ms] [ERROR] Failed to load resource: the server responded with a status of 403 (Forbidden) @ http://localhost:4321/__cdn/cms/blog/FDsdPaaUD02ayeXr4qMvj.png:0
[    2826ms] [ERROR] Framing 'https://googleads.g.doubleclick.net/' violates the following report-only Content Security Policy directive: "default-src 'self'". The violation has been logged, but no further action has been taken. Note that 'frame-src' was not explicitly set, so 'default-src' is used as a fallback.
 @ https://pagead2.googlesyndication.com/:0
[    2831ms] [INFO] Connecting to 'https://ep1.adtrafficquality.google/getconfig/sodar?sv=200&tid=gda&tv=r20260420&st=env&sjk=8567969863081176' violates the following Content Security Policy directive: "connect-src 'self' https://www.google-analytics.com https://*.google-analytics.com". The policy is report-only, so the violation has been logged but no further action has been taken. @ https://pagead2.googlesyndication.com/pagead/managed/js/adsense/m202604170101/show_ads_impl_fy2021.js?bust=31097971:99
[    2977ms] [INFO] Loading the script 'https://ep2.adtrafficquality.google/sodar/sodar2.js' violates the following Content Security Policy directive: "script-src 'self' 'unsafe-inline' https://www.googletagmanager.com https://www.google-analytics.com". Note that 'script-src-elem' was not explicitly set, so 'script-src' is used as a fallback. The policy is report-only, so the violation has been logged but no further action has been taken. @ https://pagead2.googlesyndication.com/pagead/managed/js/adsense/m202604170101/show_ads_impl_fy2021.js?bust=31097971:98
[    3103ms] [ERROR] Framing 'https://ep2.adtrafficquality.google/' violates the following report-only Content Security Policy directive: "default-src 'self'". The violation has been logged, but no further action has been taken. Note that 'frame-src' was not explicitly set, so 'default-src' is used as a fallback.
 @ https://ep2.adtrafficquality.google/:0
[    3105ms] [ERROR] Framing 'https://www.google.com/' violates the following report-only Content Security Policy directive: "default-src 'self'". The violation has been logged, but no further action has been taken. Note that 'frame-src' was not explicitly set, so 'default-src' is used as a fallback.
 @ https://ep2.adtrafficquality.google/:0
[    3142ms] [ERROR] Framing 'https://ep2.adtrafficquality.google/' violates the following report-only Content Security Policy directive: "default-src 'self'". The violation has been logged, but no further action has been taken. Note that 'frame-src' was not explicitly set, so 'default-src' is used as a fallback.
 @ https://ep2.adtrafficquality.google/:0
[    3242ms] [ERROR] Framing 'https://www.google.com/' violates the following report-only Content Security Policy directive: "default-src 'self'". The violation has been logged, but no further action has been taken. Note that 'frame-src' was not explicitly set, so 'default-src' is used as a fallback.
 @ https://ep2.adtrafficquality.google/:0
[    3424ms] [ERROR] Failed to load resource: the server responded with a status of 403 (Forbidden) @ http://localhost:4321/__cdn/cms/blog/OPVnzfkz8re8RBUBaQYWr.jpg:0
[    3476ms] [ERROR] Failed to load resource: the server responded with a status of 403 (Forbidden) @ http://localhost:4321/__cdn/cms/blog/k9ZSHUMpl3YoknIUwhYni.jpg:0
[    3523ms] [ERROR] Failed to load resource: the server responded with a status of 403 (Forbidden) @ http://localhost:4321/__cdn/cms/blog/FDsdPaaUD02ayeXr4qMvj.png:0
[    4639ms] [INFO] Loading the image 'https://ep1.adtrafficquality.google/pagead/sodar?id=sodar2&v=254&t=2&li=gda_r20260420&jk=8567969863081176&bg=!VValVjTNAAY2C5OeFgs7AEcBe5WfOCjxhUNK6U77Cf1JB6OrDZWNoCweDb98zD-4TYgiHBz4b6B3_JSbGsDBduTYJEtNgefWU5_gNKc4k_EzsXezQK89hgIAAAOJUgAAAARoAQd-ADcl2pjM5nekiLCJJuW1dxE0kGazgto2bOCf3hV5lw46t1-KiLY5cwS7uzEkWyYsWL0ZfUSnZvjZCgBNt634_OxmeNe_WuHYxm5FFTUL8iap7Ez6A8KduEjWNx2JBr0N0UaizyQlrvUMfGl7kOS1bns7hwvy5_HboXPs9MMY2qd2sh1xbQdAOeaZAntS4Tf4I9WdxdEgbtuHB1C6n3GaC2c_60Yi0S7mccrwW_4mpTOWe6_JYE6fuiuAD5A5vE8MPz4adUaB-...EEU_YTApmhJUW1FWZjrkzo24WZErQGXxoAfxSk2lG-4gsGlVfU-hfKUnIKrakEyI-oUcnuphZYj5xQgbpvcrQ5slYXRP7fiUz1X2tWSltPoQ3hJ-mV2bga9u9SuixQX4_7hEyQf9yEkQIUt-cfqXTTWW_WRNURmMmRwrYf1jYFbtW6TTycH0XvdIrjV3smo0TQSHf3K9eshnartQn4vtFwO2OtpL1AYJvl7q3GQgeF9-aAVXTvQ4U-vp-Yt9qZE4449rM9w7nnK_3pL0gBrYNchrdb8gK4dxBqemTBF-KIXLhsMwrnZK_HqgWia0MD15PelJX34oLrMlAjbygllS_YYueIat2C28FzO0RH8vuASqvQxjHSQGx0zPziptbqwxW6-4aRh7pOA3wtnoBlLHLrRMiV4eFNUnJ5yz3sqaF_7Mq80vcC5wYwI97mE8O1Oy1eMakiDB1byqhDCHhtroy6CuuS92VQ1w7eUO3ZnTA2F3zCYF5SKwhmeKN0ucUg' violates the following Content Security Policy directive: "img-src 'self' data: blob: https://*.googleusercontent.com https://imagetourl.cloud". The policy is report-only, so the violation has been logged but no further action has been taken. @ http://localhost:4321/en/:0
[    4950ms] [ERROR] Failed to load resource: the server responded with a status of 403 (Forbidden) @ http://localhost:4321/__cdn/cms/blog/OPVnzfkz8re8RBUBaQYWr.jpg:0
[    4993ms] [ERROR] Failed to load resource: the server responded with a status of 403 (Forbidden) @ http://localhost:4321/__cdn/cms/blog/k9ZSHUMpl3YoknIUwhYni.jpg:0
[    5040ms] [ERROR] Failed to load resource: the server responded with a status of 403 (Forbidden) @ http://localhost:4321/__cdn/cms/blog/FDsdPaaUD02ayeXr4qMvj.png:0
[   87882ms] [INFO] Connecting to 'https://www.google.com/g/collect?v=2&tid=G-CFY17JKKYK&gtm=45je64h1v9242823411za200zd9242823411&_p=1776787806144&gcd=13l3l3l3l1l1&npa=0&dma=0&_eu=AAAAAAQ&are=1&cid=1843232418.1776149325&frm=0&pscdl=noapi&rcb=9&sr=1920x1080&uaa=arm&uab=64&uafvl=Google%2520Chrome%3B147.0.7727.57%7CNot.A%252FBrand%3B8.0.0.0%7CChromium%3B147.0.7727.57&uam=&uamb=0&uap=macOS&uapv=26.3.0&uaw=0&ul=en-gb&_s=2&tag_exp=0%7E115616985%7E115938465%7E115938468%7E117266400&sid=1776787806&sct=10&seg=1&dl=http%3A%2F%2Flocalhost%2Fen%2F&dt=ImageToURL+%E2%80%94+Free+Image+Hosting+%7C+Turn+Images+into+Shareable+Links&en=user_engagement&_et=81999&tfd=87867&gaf=1' violates the following Content Security Policy directive: "connect-src 'self' https://www.google-analytics.com https://*.google-analytics.com". The policy is report-only, so the violation has been logged but no further action has been taken. @ https://www.googletagmanager.com/gtag/js?id=G-CFY17JKKYK:230
[   87882ms] [INFO] Connecting to 'https://www.google.com/g/collect?v=2&tid=G-CFY17JKKYK&gtm=45je64h1v9242823411za200zd9242823411&_p=1776787806144&gcd=13l3l3l3l1l1&npa=0&dma=0&_eu=AAAAAAQ&are=1&cid=1843232418.1776149325&frm=0&pscdl=noapi&rcb=9&sr=1920x1080&uaa=arm&uab=64&uafvl=Google%2520Chrome%3B147.0.7727.57%7CNot.A%252FBrand%3B8.0.0.0%7CChromium%3B147.0.7727.57&uam=&uamb=0&uap=macOS&uapv=26.3.0&uaw=0&ul=en-gb&_s=2&tag_exp=0%7E115616985%7E115938465%7E115938468%7E117266400&sid=1776787806&sct=10&seg=1&dl=http%3A%2F%2Flocalhost%2Fen%2F&dt=ImageToURL+%E2%80%94+Free+Image+Hosting+%7C+Turn+Images+into+Shareable+Links&en=user_engagement&_et=81999&tfd=87867&gaf=1' violates the following Content Security Policy directive: "connect-src 'self' https://www.google-analytics.com https://*.google-analytics.com". The policy is report-only, so the violation has been logged but no further action has been taken. @ https://www.googletagmanager.com/gtag/js?id=G-CFY17JKKYK:230
[   87896ms] [INFO] Loading the script 'https://pagead2.googlesyndication.com/pagead/js/adsbygoogle.js?client=ca-pub-7803867089582138' violates the following Content Security Policy directive: "script-src 'self' 'unsafe-inline' https://www.googletagmanager.com https://www.google-analytics.com". Note that 'script-src-elem' was not explicitly set, so 'script-src' is used as a fallback. The policy is report-only, so the violation has been logged but no further action has been taken. @ http://localhost:4321/en/:0
[   87906ms] [INFO] Loading the script 'https://pagead2.googlesyndication.com/pagead/managed/js/adsense/m202604170101/show_ads_impl_fy2021.js?bust=31097971' violates the following Content Security Policy directive: "script-src 'self' 'unsafe-inline' https://www.googletagmanager.com https://www.google-analytics.com". Note that 'script-src-elem' was not explicitly set, so 'script-src' is used as a fallback. The policy is report-only, so the violation has been logged but no further action has been taken. @ https://pagead2.googlesyndication.com/pagead/js/adsbygoogle.js?client=ca-pub-7803867089582138:41
[   87947ms] [ERROR] Framing 'https://googleads.g.doubleclick.net/' violates the following report-only Content Security Policy directive: "default-src 'self'". The violation has been logged, but no further action has been taken. Note that 'frame-src' was not explicitly set, so 'default-src' is used as a fallback.
 @ https://pagead2.googlesyndication.com/:0
[   87947ms] [ERROR] Framing 'https://googleads.g.doubleclick.net/' violates the following report-only Content Security Policy directive: "default-src 'self'". The violation has been logged, but no further action has been taken. Note that 'frame-src' was not explicitly set, so 'default-src' is used as a fallback.
 @ https://pagead2.googlesyndication.com/:0
[   87947ms] [ERROR] Framing 'https://googleads.g.doubleclick.net/' violates the following report-only Content Security Policy directive: "default-src 'self'". The violation has been logged, but no further action has been taken. Note that 'frame-src' was not explicitly set, so 'default-src' is used as a fallback.
 @ https://pagead2.googlesyndication.com/:0
[   88019ms] [ERROR] Failed to load resource: the server responded with a status of 403 (Forbidden) @ http://localhost:4321/__cdn/cms/blog/OPVnzfkz8re8RBUBaQYWr.jpg:0
[   88024ms] [ERROR] Failed to load resource: the server responded with a status of 403 (Forbidden) @ http://localhost:4321/__cdn/cms/blog/k9ZSHUMpl3YoknIUwhYni.jpg:0
[   88024ms] [ERROR] Failed to load resource: the server responded with a status of 403 (Forbidden) @ http://localhost:4321/__cdn/cms/blog/FDsdPaaUD02ayeXr4qMvj.png:0
[   88063ms] [ERROR] Failed to load resource: the server responded with a status of 403 (Forbidden) @ http://localhost:4321/__cdn/cms/blog/OPVnzfkz8re8RBUBaQYWr.jpg:0
[   88084ms] [ERROR] Framing 'https://googleads.g.doubleclick.net/' violates the following report-only Content Security Policy directive: "default-src 'self'". The violation has been logged, but no further action has been taken. Note that 'frame-src' was not explicitly set, so 'default-src' is used as a fallback.
 @ https://pagead2.googlesyndication.com/:0
[   88089ms] [INFO] Connecting to 'https://ep1.adtrafficquality.google/getconfig/sodar?sv=200&tid=gda&tv=r20260420&st=env&sjk=365625802812897' violates the following Content Security Policy directive: "connect-src 'self' https://www.google-analytics.com https://*.google-analytics.com". The policy is report-only, so the violation has been logged but no further action has been taken. @ https://pagead2.googlesyndication.com/pagead/managed/js/adsense/m202604170101/show_ads_impl_fy2021.js?bust=31097971:99
[   88105ms] [ERROR] Failed to load resource: the server responded with a status of 403 (Forbidden) @ http://localhost:4321/__cdn/cms/blog/k9ZSHUMpl3YoknIUwhYni.jpg:0
[   88145ms] [ERROR] Failed to load resource: the server responded with a status of 403 (Forbidden) @ http://localhost:4321/__cdn/cms/blog/FDsdPaaUD02ayeXr4qMvj.png:0
[   88219ms] [INFO] Loading the script 'https://ep2.adtrafficquality.google/sodar/sodar2.js' violates the following Content Security Policy directive: "script-src 'self' 'unsafe-inline' https://www.googletagmanager.com https://www.google-analytics.com". Note that 'script-src-elem' was not explicitly set, so 'script-src' is used as a fallback. The policy is report-only, so the violation has been logged but no further action has been taken. @ https://pagead2.googlesyndication.com/pagead/managed/js/adsense/m202604170101/show_ads_impl_fy2021.js?bust=31097971:98
[   88222ms] [ERROR] Framing 'https://ep2.adtrafficquality.google/' violates the following report-only Content Security Policy directive: "default-src 'self'". The violation has been logged, but no further action has been taken. Note that 'frame-src' was not explicitly set, so 'default-src' is used as a fallback.
 @ https://ep2.adtrafficquality.google/:0
[   88223ms] [ERROR] Framing 'https://www.google.com/' violates the following report-only Content Security Policy directive: "default-src 'self'". The violation has been logged, but no further action has been taken. Note that 'frame-src' was not explicitly set, so 'default-src' is used as a fallback.
 @ https://ep2.adtrafficquality.google/:0
[   88224ms] [ERROR] Framing 'https://ep2.adtrafficquality.google/' violates the following report-only Content Security Policy directive: "default-src 'self'". The violation has been logged, but no further action has been taken. Note that 'frame-src' was not explicitly set, so 'default-src' is used as a fallback.
 @ https://ep2.adtrafficquality.google/:0
[   88225ms] [ERROR] Framing 'https://www.google.com/' violates the following report-only Content Security Policy directive: "default-src 'self'". The violation has been logged, but no further action has been taken. Note that 'frame-src' was not explicitly set, so 'default-src' is used as a fallback.
 @ https://ep2.adtrafficquality.google/:0
[   88523ms] [ERROR] Failed to load resource: the server responded with a status of 403 (Forbidden) @ http://localhost:4321/__cdn/cms/blog/OPVnzfkz8re8RBUBaQYWr.jpg:0
[   88564ms] [ERROR] Failed to load resource: the server responded with a status of 403 (Forbidden) @ http://localhost:4321/__cdn/cms/blog/k9ZSHUMpl3YoknIUwhYni.jpg:0
[   88603ms] [ERROR] Failed to load resource: the server responded with a status of 403 (Forbidden) @ http://localhost:4321/__cdn/cms/blog/FDsdPaaUD02ayeXr4qMvj.png:0
[   88844ms] [INFO] Loading the image 'https://ep1.adtrafficquality.google/pagead/sodar?id=sodar2&v=254&t=2&li=gda_r20260420&jk=365625802812897&bg=!2tml2bvNAAY2C5OeFgs7AEcBe5WfOD-4VY-NOQRlBeG7KwrFF3GoFkDz3Z6wQFRQbq9__XVpxd0RxV8WF3Quho68obONrwcp53WO3hQ1VDlzdvQp70RkMAIAAABYUgAAAAVoAQd-ADeOHT9tC1CQTfHLDOIQFxTNEaoee85M-gXRTg7n_QJmJSWgk-gSex1nGpAoMEbrMyHDeuztrjMxCgBRYUBmjxtz4Dt9WM4PX55SHBt3mSQDZUKDZhKkyU5CUYs6pun4-PSvvt3Dy6RHPSiAfyGw_E2Hlse2NrDkhOAfFYNaZWkZOebNroG1Ic9oaXa6mQKIwmIcNxxOYqDVYPtV2Pp6Zo3lA2Vuk4hn3aOgiZwWYAPhSGI0FbDuMi4MtChlhchEVAcXgiBiJb...fMYoQJWYgUgY1pp4jxJQmeEfXNPmI7A7LkHRWBaL4jJKZnNsqT2ovtxEmUFJ3a-03rpW8iG0X5rD0dFjMVaqyv7FwVBcgjKhYUghnOOYb-yeJLaI9Y642yq1LMEnzsmTPtSjylPas_4emANPHHKDucmaG8bMJuInhjKRiiSafJHzTJixGOxdgOxMU2f12yy9i3Zkyb8vI4LqVCO9BHd98Bdv8yVghmz8Et9EsMqI-fmpUX_dRO-2k6cX5OgQEsqNYgL3jd94pXldNVLJDylll-fgposPr3RLNbBcWXRrJl77CFLDPZR08G6ZAZA2YSIrABCluSMeD04oHbjm6KLe0X2c_X2EWC9xDKZ8IRlO_GV6h8AYW6p6eSo_BgAA80QZaO9NqC_WfThMdAMxPgJRLp7JaNnVWIxs3sdkixqmnnGdii2KsXcChHP8Tik90vGT97uhWcFi6ZsM_gZDXgAFrJKcBSxDHN5oxsa675KVuQQ1u6AkqTxOMmtV-VwQ3H' violates the following Content Security Policy directive: "img-src 'self' data: blob: https://*.googleusercontent.com https://imagetourl.cloud". The policy is report-only, so the violation has been logged but no further action has been taken. @ http://localhost:4321/en/:0
[   89155ms] [ERROR] Failed to load resource: the server responded with a status of 403 (Forbidden) @ http://localhost:4321/__cdn/cms/blog/OPVnzfkz8re8RBUBaQYWr.jpg:0
[   89200ms] [ERROR] Failed to load resource: the server responded with a status of 403 (Forbidden) @ http://localhost:4321/__cdn/cms/blog/k9ZSHUMpl3YoknIUwhYni.jpg:0
[   89245ms] [ERROR] Failed to load resource: the server responded with a status of 403 (Forbidden) @ http://localhost:4321/__cdn/cms/blog/FDsdPaaUD02ayeXr4qMvj.png:0
[  100362ms] [INFO] Loading the script 'https://pagead2.googlesyndication.com/pagead/js/adsbygoogle.js?client=ca-pub-7803867089582138' violates the following Content Security Policy directive: "script-src 'self' 'unsafe-inline' https://www.googletagmanager.com https://www.google-analytics.com". Note that 'script-src-elem' was not explicitly set, so 'script-src' is used as a fallback. The policy is report-only, so the violation has been logged but no further action has been taken. @ http://localhost:4321/en/:0
[  100369ms] [INFO] Loading the script 'https://pagead2.googlesyndication.com/pagead/managed/js/adsense/m202604170101/show_ads_impl_fy2021.js?bust=31097971' violates the following Content Security Policy directive: "script-src 'self' 'unsafe-inline' https://www.googletagmanager.com https://www.google-analytics.com". Note that 'script-src-elem' was not explicitly set, so 'script-src' is used as a fallback. The policy is report-only, so the violation has been logged but no further action has been taken. @ https://pagead2.googlesyndication.com/pagead/js/adsbygoogle.js?client=ca-pub-7803867089582138:41
[  100399ms] [ERROR] Framing 'https://googleads.g.doubleclick.net/' violates the following report-only Content Security Policy directive: "default-src 'self'". The violation has been logged, but no further action has been taken. Note that 'frame-src' was not explicitly set, so 'default-src' is used as a fallback.
 @ https://pagead2.googlesyndication.com/:0
[  100399ms] [ERROR] Framing 'https://googleads.g.doubleclick.net/' violates the following report-only Content Security Policy directive: "default-src 'self'". The violation has been logged, but no further action has been taken. Note that 'frame-src' was not explicitly set, so 'default-src' is used as a fallback.
 @ https://pagead2.googlesyndication.com/:0
[  100399ms] [ERROR] Framing 'https://googleads.g.doubleclick.net/' violates the following report-only Content Security Policy directive: "default-src 'self'". The violation has been logged, but no further action has been taken. Note that 'frame-src' was not explicitly set, so 'default-src' is used as a fallback.
 @ https://pagead2.googlesyndication.com/:0
[  100446ms] [ERROR] Failed to load resource: the server responded with a status of 403 (Forbidden) @ http://localhost:4321/__cdn/cms/blog/k9ZSHUMpl3YoknIUwhYni.jpg:0
[  100447ms] [ERROR] Failed to load resource: the server responded with a status of 403 (Forbidden) @ http://localhost:4321/__cdn/cms/blog/OPVnzfkz8re8RBUBaQYWr.jpg:0
[  100448ms] [ERROR] Failed to load resource: the server responded with a status of 403 (Forbidden) @ http://localhost:4321/__cdn/cms/blog/FDsdPaaUD02ayeXr4qMvj.png:0
[  100487ms] [ERROR] Failed to load resource: the server responded with a status of 403 (Forbidden) @ http://localhost:4321/__cdn/cms/blog/OPVnzfkz8re8RBUBaQYWr.jpg:0
[  100528ms] [ERROR] Failed to load resource: the server responded with a status of 403 (Forbidden) @ http://localhost:4321/__cdn/cms/blog/k9ZSHUMpl3YoknIUwhYni.jpg:0
[  100539ms] [ERROR] Framing 'https://googleads.g.doubleclick.net/' violates the following report-only Content Security Policy directive: "default-src 'self'". The violation has been logged, but no further action has been taken. Note that 'frame-src' was not explicitly set, so 'default-src' is used as a fallback.
 @ https://pagead2.googlesyndication.com/:0
[  100543ms] [INFO] Connecting to 'https://ep1.adtrafficquality.google/getconfig/sodar?sv=200&tid=gda&tv=r20260420&st=env&sjk=7481910319622557' violates the following Content Security Policy directive: "connect-src 'self' https://www.google-analytics.com https://*.google-analytics.com". The policy is report-only, so the violation has been logged but no further action has been taken. @ https://pagead2.googlesyndication.com/pagead/managed/js/adsense/m202604170101/show_ads_impl_fy2021.js?bust=31097971:99
[  100569ms] [ERROR] Failed to load resource: the server responded with a status of 403 (Forbidden) @ http://localhost:4321/__cdn/cms/blog/FDsdPaaUD02ayeXr4qMvj.png:0
[  100667ms] [INFO] Loading the script 'https://ep2.adtrafficquality.google/sodar/sodar2.js' violates the following Content Security Policy directive: "script-src 'self' 'unsafe-inline' https://www.googletagmanager.com https://www.google-analytics.com". Note that 'script-src-elem' was not explicitly set, so 'script-src' is used as a fallback. The policy is report-only, so the violation has been logged but no further action has been taken. @ https://pagead2.googlesyndication.com/pagead/managed/js/adsense/m202604170101/show_ads_impl_fy2021.js?bust=31097971:98
[  100670ms] [ERROR] Framing 'https://ep2.adtrafficquality.google/' violates the following report-only Content Security Policy directive: "default-src 'self'". The violation has been logged, but no further action has been taken. Note that 'frame-src' was not explicitly set, so 'default-src' is used as a fallback.
 @ https://ep2.adtrafficquality.google/:0
[  100672ms] [ERROR] Framing 'https://www.google.com/' violates the following report-only Content Security Policy directive: "default-src 'self'". The violation has been logged, but no further action has been taken. Note that 'frame-src' was not explicitly set, so 'default-src' is used as a fallback.
 @ https://ep2.adtrafficquality.google/:0
[  100673ms] [ERROR] Framing 'https://ep2.adtrafficquality.google/' violates the following report-only Content Security Policy directive: "default-src 'self'". The violation has been logged, but no further action has been taken. Note that 'frame-src' was not explicitly set, so 'default-src' is used as a fallback.
 @ https://ep2.adtrafficquality.google/:0
[  100675ms] [ERROR] Framing 'https://www.google.com/' violates the following report-only Content Security Policy directive: "default-src 'self'". The violation has been logged, but no further action has been taken. Note that 'frame-src' was not explicitly set, so 'default-src' is used as a fallback.
 @ https://ep2.adtrafficquality.google/:0
[  101229ms] [ERROR] Failed to load resource: the server responded with a status of 403 (Forbidden) @ http://localhost:4321/__cdn/cms/blog/OPVnzfkz8re8RBUBaQYWr.jpg:0
[  101255ms] [INFO] Loading the image 'https://ep1.adtrafficquality.google/pagead/sodar?id=sodar2&v=254&t=2&li=gda_r20260420&jk=7481910319622557&bg=!rK-lr83NAAY2C5OeFgs7AEcBe5WfOOITFD1ppBUp81v1qFPGpd2wd6W99o8PB2lGa6V6mYz_Ojb8kg79p72LE1ND2g941GOy092G1nGqiYy1DWNACbho4gIAAAAxUgAAAARoAQd-ADeAjJwP27ImVYvDdZZC3oLINGkfalXePMrXbrCekfSybaGOpdsBXt6yHx9Ay4wNzzVtHwDfdHUICgBGwt7IbHnBS2ZgC1tS2qwS9Zu-tfLJl3KFnDWLE5SL-qVgFucZjaQZ5FR-R9HQG7j8u0bCzAoeLeoSEcllUrYzqAvWEDscs5kCc3Ab5tVecPy-p25AMVIae3InksWyoyX8NxrqM1dG9LJyMzEOz9X8lXOHtn_bAHI0TrTnB-rnWLAKw0HYXBsFfDtLG...f1MkuJgPmh1k1FIS5_SbUhq4xFW3J4U9uSocsQzqZoVQtfvg1MwJKd8l43X5zjQB7MOTNNZ9BM8E1tfG51fp05ExL8e1T7gPz01Rl_4zp8u76_N2NbteNc0AfCgBTI5FmuLLbMSEN-4utoIOPKi3gr06vciSn1s-pOZKL1x2_KOwrbc1PU7f79URHhbsEX3CTgTKuUWPnSyAjJ6BfgWfH8tBHOfcPybcRavOTn6YmSK98Tf7b727LoBi6BbJSSNX4gVSIGsXRsAe5p9HDR2VXwcM--wy49_oltTrcIAuT0RMJsNbjMM7gA1WOoe38FW0E_Sk5gblgEI2XPpuYe8QsfemuZCkbjJdRvAnR9d22J5Rhox5zKLRanmgPi2siYvUUcnzyoLjMe87RZTGP3twGpNDIcagNgfIIW-VeVP7yRmhaT6vGBU_dfTURCj6kT3mWk7mp1d84On-K-s-DHxqpunA44ZTPdC5zkghQXMpSsVxF33J2DR94P871s-2vQ' violates the following Content Security Policy directive: "img-src 'self' data: blob: https://*.googleusercontent.com https://imagetourl.cloud". The policy is report-only, so the violation has been logged but no further action has been taken. @ http://localhost:4321/en/:0
[  101276ms] [ERROR] Failed to load resource: the server responded with a status of 403 (Forbidden) @ http://localhost:4321/__cdn/cms/blog/k9ZSHUMpl3YoknIUwhYni.jpg:0
[  101322ms] [ERROR] Failed to load resource: the server responded with a status of 403 (Forbidden) @ http://localhost:4321/__cdn/cms/blog/FDsdPaaUD02ayeXr4qMvj.png:0
[  101567ms] [ERROR] Failed to load resource: the server responded with a status of 403 (Forbidden) @ http://localhost:4321/__cdn/cms/blog/OPVnzfkz8re8RBUBaQYWr.jpg:0
[  101614ms] [ERROR] Failed to load resource: the server responded with a status of 403 (Forbidden) @ http://localhost:4321/__cdn/cms/blog/k9ZSHUMpl3YoknIUwhYni.jpg:0
[  101659ms] [ERROR] Failed to load resource: the server responded with a status of 403 (Forbidden) @ http://localhost:4321/__cdn/cms/blog/FDsdPaaUD02ayeXr4qMvj.png:0
