[    1239ms] [ERROR] Failed to load resource: the server responded with a status of 403 (Forbidden) @ http://localhost:4321/__cdn/cms/blog/FDsdPaaUD02ayeXr4qMvj.png:0
[    1244ms] [ERROR] Failed to load resource: the server responded with a status of 403 (Forbidden) @ http://localhost:4321/__cdn/cms/blog/k9ZSHUMpl3YoknIUwhYni.jpg:0
[    1244ms] [ERROR] Failed to load resource: the server responded with a status of 403 (Forbidden) @ http://localhost:4321/__cdn/cms/blog/Rfa29MHnrKqR2wbqzZH8y.jpg:0
[    1288ms] [ERROR] Failed to load resource: the server responded with a status of 403 (Forbidden) @ http://localhost:4321/__cdn/cms/blog/k9ZSHUMpl3YoknIUwhYni.jpg:0
[    1330ms] [ERROR] Failed to load resource: the server responded with a status of 403 (Forbidden) @ http://localhost:4321/__cdn/cms/blog/FDsdPaaUD02ayeXr4qMvj.png:0
[    1371ms] [ERROR] Failed to load resource: the server responded with a status of 403 (Forbidden) @ http://localhost:4321/__cdn/cms/blog/Rfa29MHnrKqR2wbqzZH8y.jpg:0
[   25318ms] [ERROR] Failed to load resource: the server responded with a status of 403 (Forbidden) @ http://localhost:4321/__cdn/cms/blog/FDsdPaaUD02ayeXr4qMvj.png:0
[   25319ms] [ERROR] Failed to load resource: the server responded with a status of 403 (Forbidden) @ http://localhost:4321/__cdn/cms/blog/k9ZSHUMpl3YoknIUwhYni.jpg:0
[   25320ms] [ERROR] Failed to load resource: the server responded with a status of 403 (Forbidden) @ http://localhost:4321/__cdn/cms/blog/Rfa29MHnrKqR2wbqzZH8y.jpg:0
[   25361ms] [ERROR] Failed to load resource: the server responded with a status of 403 (Forbidden) @ http://localhost:4321/__cdn/cms/blog/k9ZSHUMpl3YoknIUwhYni.jpg:0
[   25401ms] [ERROR] Failed to load resource: the server responded with a status of 403 (Forbidden) @ http://localhost:4321/__cdn/cms/blog/FDsdPaaUD02ayeXr4qMvj.png:0
[   25442ms] [ERROR] Failed to load resource: the server responded with a status of 403 (Forbidden) @ http://localhost:4321/__cdn/cms/blog/Rfa29MHnrKqR2wbqzZH8y.jpg:0
[   30752ms] [INFO] Connecting to 'https://www.google.com/g/collect?v=2&tid=G-CFY17JKKYK&gtm=45je64g0h2v9242823411za200zd9242823411&_p=1776512876007&gcd=13l3l3l3l1l1&npa=0&dma=0&_eu=AAAAAAQ&are=1&cid=1843232418.1776149325&frm=0&pscdl=noapi&rcb=13&sr=1920x1080&uaa=arm&uab=64&uafvl=Google%2520Chrome%3B147.0.7727.57%7CNot.A%252FBrand%3B8.0.0.0%7CChromium%3B147.0.7727.57&uam=&uamb=0&uap=macOS&uapv=26.3.0&uaw=0&ul=en-gb&tag_exp=0%7E115616986%7E115938466%7E115938468%7E117266400&sid=1776510718&sct=5&seg=1&dl=http%3A%2F%2Flocalhost%2Fja%2F&dr=http%3A%2F%2Flocalhost%3A4321%2Fzh-Hans%2F&dt=ImageToURL+%E2%80%94+%E7%84%A1%E6%96%99%E7%94%BB%E5%83%8F%E3%83%9B%E3%82%B9%E3%83%86%E3%82%A3%E3%83%B3%E3%82%B0+%7C+%E7%94%BB%E5%83%8F%E3%82%92%E5%85%B1%E6%9C%89%E5%8F%AF%E8%83%BD%E3%81%AA%E3%83%AA%E3%83%B3%E3%82%AF%E3%81%AB%E5%A4%89%E6%8F%9B&_s=1&tfd=6495&gaf=1' violates the following Content Security Policy directive: "connect-src 'self' https://www.google-analytics.com https://*.google-analytics.com". The policy is report-only, so the violation has been logged but no further action has been taken. @ https://www.googletagmanager.com/gtag/js?id=G-CFY17JKKYK:230
[   30752ms] [INFO] Connecting to 'https://www.google.com/g/collect?v=2&tid=G-CFY17JKKYK&gtm=45je64g0h2v9242823411za200zd9242823411&_p=1776512876007&gcd=13l3l3l3l1l1&npa=0&dma=0&_eu=AAAAAAQ&are=1&cid=1843232418.1776149325&frm=0&pscdl=noapi&rcb=13&sr=1920x1080&uaa=arm&uab=64&uafvl=Google%2520Chrome%3B147.0.7727.57%7CNot.A%252FBrand%3B8.0.0.0%7CChromium%3B147.0.7727.57&uam=&uamb=0&uap=macOS&uapv=26.3.0&uaw=0&ul=en-gb&tag_exp=0%7E115616986%7E115938466%7E115938468%7E117266400&sid=1776510718&sct=5&seg=1&dl=http%3A%2F%2Flocalhost%2Fja%2F&dr=http%3A%2F%2Flocalhost%3A4321%2Fzh-Hans%2F&dt=ImageToURL+%E2%80%94+%E7%84%A1%E6%96%99%E7%94%BB%E5%83%8F%E3%83%9B%E3%82%B9%E3%83%86%E3%82%A3%E3%83%B3%E3%82%B0+%7C+%E7%94%BB%E5%83%8F%E3%82%92%E5%85%B1%E6%9C%89%E5%8F%AF%E8%83%BD%E3%81%AA%E3%83%AA%E3%83%B3%E3%82%AF%E3%81%AB%E5%A4%89%E6%8F%9B&_s=1&tfd=6495&gaf=1' violates the following Content Security Policy directive: "connect-src 'self' https://www.google-analytics.com https://*.google-analytics.com". The policy is report-only, so the violation has been logged but no further action has been taken. @ https://www.googletagmanager.com/gtag/js?id=G-CFY17JKKYK:230
[   30863ms] [ERROR] Failed to load resource: the server responded with a status of 403 (Forbidden) @ http://localhost:4321/__cdn/cms/blog/FDsdPaaUD02ayeXr4qMvj.png:0
[   30864ms] [ERROR] Failed to load resource: the server responded with a status of 403 (Forbidden) @ http://localhost:4321/__cdn/cms/blog/Rfa29MHnrKqR2wbqzZH8y.jpg:0
[   30866ms] [ERROR] Failed to load resource: the server responded with a status of 403 (Forbidden) @ http://localhost:4321/__cdn/cms/blog/k9ZSHUMpl3YoknIUwhYni.jpg:0
[   31160ms] [ERROR] Failed to load resource: the server responded with a status of 403 (Forbidden) @ http://localhost:4321/__cdn/cms/blog/k9ZSHUMpl3YoknIUwhYni.jpg:0
[   31202ms] [ERROR] Failed to load resource: the server responded with a status of 403 (Forbidden) @ http://localhost:4321/__cdn/cms/blog/FDsdPaaUD02ayeXr4qMvj.png:0
[   31247ms] [ERROR] Failed to load resource: the server responded with a status of 403 (Forbidden) @ http://localhost:4321/__cdn/cms/blog/Rfa29MHnrKqR2wbqzZH8y.jpg:0
